Determining if the function sgemm_ exists failed with the following output:
Change Dir: /gridgroup/ilc/pasquier/SDHCALContent/build/CMakeFiles/CMakeTmp

Run Build Command(s):/usr/bin/gmake -f Makefile cmTC_5afb0/fast && /usr/bin/gmake  -f CMakeFiles/cmTC_5afb0.dir/build.make CMakeFiles/cmTC_5afb0.dir/build
gmake[1]: Entering directory `/gridgroup/ilc/pasquier/SDHCALContent/build/CMakeFiles/CMakeTmp'
Building C object CMakeFiles/cmTC_5afb0.dir/CheckFunctionExists.c.o
/cvmfs/sft.cern.ch/lcg/releases/gcc/10.3.0-f5826/x86_64-centos7/bin/gcc   -DCHECK_FUNCTION_EXISTS=sgemm_ -o CMakeFiles/cmTC_5afb0.dir/CheckFunctionExists.c.o -c /cvmfs/ilc.desy.de/sw/x86_64_gcc103_centos7/CMake/3.23.2/share/cmake-3.23/Modules/CheckFunctionExists.c
Linking C executable cmTC_5afb0
/cvmfs/ilc.desy.de/sw/x86_64_gcc103_centos7/CMake/3.23.2/bin/cmake -E cmake_link_script CMakeFiles/cmTC_5afb0.dir/link.txt --verbose=1
/cvmfs/sft.cern.ch/lcg/releases/gcc/10.3.0-f5826/x86_64-centos7/bin/gcc  -DCHECK_FUNCTION_EXISTS=sgemm_ -rdynamic CMakeFiles/cmTC_5afb0.dir/CheckFunctionExists.c.o -o cmTC_5afb0 
/cvmfs/sft.cern.ch/lcg/releases/binutils/2.36.1-a9696/x86_64-centos7/bin/ld: CMakeFiles/cmTC_5afb0.dir/CheckFunctionExists.c.o: in function `main':
CheckFunctionExists.c:(.text+0x10): undefined reference to `sgemm_'
collect2: error: ld returned 1 exit status
gmake[1]: *** [cmTC_5afb0] Error 1
gmake[1]: Leaving directory `/gridgroup/ilc/pasquier/SDHCALContent/build/CMakeFiles/CMakeTmp'
gmake: *** [cmTC_5afb0/fast] Error 2



Performing C SOURCE FILE Test CMAKE_HAVE_LIBC_PTHREAD failed with the following output:
Change Dir: /gridgroup/ilc/pasquier/SDHCALContent/build/CMakeFiles/CMakeTmp

Run Build Command(s):/usr/bin/gmake -f Makefile cmTC_99549/fast && /usr/bin/gmake  -f CMakeFiles/cmTC_99549.dir/build.make CMakeFiles/cmTC_99549.dir/build
gmake[1]: Entering directory `/gridgroup/ilc/pasquier/SDHCALContent/build/CMakeFiles/CMakeTmp'
Building C object CMakeFiles/cmTC_99549.dir/src.c.o
/cvmfs/sft.cern.ch/lcg/releases/gcc/10.3.0-f5826/x86_64-centos7/bin/gcc -DCMAKE_HAVE_LIBC_PTHREAD   -o CMakeFiles/cmTC_99549.dir/src.c.o -c /gridgroup/ilc/pasquier/SDHCALContent/build/CMakeFiles/CMakeTmp/src.c
Linking C executable cmTC_99549
/cvmfs/ilc.desy.de/sw/x86_64_gcc103_centos7/CMake/3.23.2/bin/cmake -E cmake_link_script CMakeFiles/cmTC_99549.dir/link.txt --verbose=1
/cvmfs/sft.cern.ch/lcg/releases/gcc/10.3.0-f5826/x86_64-centos7/bin/gcc -rdynamic CMakeFiles/cmTC_99549.dir/src.c.o -o cmTC_99549 
/cvmfs/sft.cern.ch/lcg/releases/binutils/2.36.1-a9696/x86_64-centos7/bin/ld: CMakeFiles/cmTC_99549.dir/src.c.o: in function `main':
src.c:(.text+0x2d): undefined reference to `pthread_create'
/cvmfs/sft.cern.ch/lcg/releases/binutils/2.36.1-a9696/x86_64-centos7/bin/ld: src.c:(.text+0x39): undefined reference to `pthread_detach'
/cvmfs/sft.cern.ch/lcg/releases/binutils/2.36.1-a9696/x86_64-centos7/bin/ld: src.c:(.text+0x45): undefined reference to `pthread_cancel'
/cvmfs/sft.cern.ch/lcg/releases/binutils/2.36.1-a9696/x86_64-centos7/bin/ld: src.c:(.text+0x56): undefined reference to `pthread_join'
/cvmfs/sft.cern.ch/lcg/releases/binutils/2.36.1-a9696/x86_64-centos7/bin/ld: src.c:(.text+0x6a): undefined reference to `pthread_atfork'
collect2: error: ld returned 1 exit status
gmake[1]: *** [cmTC_99549] Error 1
gmake[1]: Leaving directory `/gridgroup/ilc/pasquier/SDHCALContent/build/CMakeFiles/CMakeTmp'
gmake: *** [cmTC_99549/fast] Error 2


Source file was:
#include <pthread.h>

static void* test_func(void* data)
{
  return data;
}

int main(void)
{
  pthread_t thread;
  pthread_create(&thread, NULL, test_func, NULL);
  pthread_detach(thread);
  pthread_cancel(thread);
  pthread_join(thread, NULL);
  pthread_atfork(NULL, NULL, NULL);
  pthread_exit(NULL);

  return 0;
}

Determining if the function pthread_create exists in the pthreads failed with the following output:
Change Dir: /gridgroup/ilc/pasquier/SDHCALContent/build/CMakeFiles/CMakeTmp

Run Build Command(s):/usr/bin/gmake -f Makefile cmTC_d6b77/fast && /usr/bin/gmake  -f CMakeFiles/cmTC_d6b77.dir/build.make CMakeFiles/cmTC_d6b77.dir/build
gmake[1]: Entering directory `/gridgroup/ilc/pasquier/SDHCALContent/build/CMakeFiles/CMakeTmp'
Building C object CMakeFiles/cmTC_d6b77.dir/CheckFunctionExists.c.o
/cvmfs/sft.cern.ch/lcg/releases/gcc/10.3.0-f5826/x86_64-centos7/bin/gcc   -DCHECK_FUNCTION_EXISTS=pthread_create -o CMakeFiles/cmTC_d6b77.dir/CheckFunctionExists.c.o -c /cvmfs/ilc.desy.de/sw/x86_64_gcc103_centos7/CMake/3.23.2/share/cmake-3.23/Modules/CheckFunctionExists.c
Linking C executable cmTC_d6b77
/cvmfs/ilc.desy.de/sw/x86_64_gcc103_centos7/CMake/3.23.2/bin/cmake -E cmake_link_script CMakeFiles/cmTC_d6b77.dir/link.txt --verbose=1
/cvmfs/sft.cern.ch/lcg/releases/gcc/10.3.0-f5826/x86_64-centos7/bin/gcc  -DCHECK_FUNCTION_EXISTS=pthread_create -rdynamic CMakeFiles/cmTC_d6b77.dir/CheckFunctionExists.c.o -o cmTC_d6b77  -lpthreads 
/cvmfs/sft.cern.ch/lcg/releases/binutils/2.36.1-a9696/x86_64-centos7/bin/ld: cannot find -lpthreads
collect2: error: ld returned 1 exit status
gmake[1]: *** [cmTC_d6b77] Error 1
gmake[1]: Leaving directory `/gridgroup/ilc/pasquier/SDHCALContent/build/CMakeFiles/CMakeTmp'
gmake: *** [cmTC_d6b77/fast] Error 2



