The system is: Linux - 3.10.0-1160.81.1.el7.x86_64 - x86_64
Compiling the C compiler identification source file "CMakeCCompilerId.c" succeeded.
Compiler: /cvmfs/sft.cern.ch/lcg/releases/gcc/10.3.0-f5826/x86_64-centos7/bin/gcc 
Build flags: 
Id flags:  

The output was:
0


Compilation of the C compiler identification source "CMakeCCompilerId.c" produced "a.out"

The C compiler identification is GNU, found in "/gridgroup/ilc/pasquier/SDHCALContent/build/CMakeFiles/3.23.2/CompilerIdC/a.out"

Compiling the CXX compiler identification source file "CMakeCXXCompilerId.cpp" succeeded.
Compiler: /cvmfs/sft.cern.ch/lcg/releases/gcc/10.3.0-f5826/x86_64-centos7/bin/g++ 
Build flags: 
Id flags:  

The output was:
0


Compilation of the CXX compiler identification source "CMakeCXXCompilerId.cpp" produced "a.out"

The CXX compiler identification is GNU, found in "/gridgroup/ilc/pasquier/SDHCALContent/build/CMakeFiles/3.23.2/CompilerIdCXX/a.out"

Detecting C compiler ABI info compiled with the following output:
Change Dir: /gridgroup/ilc/pasquier/SDHCALContent/build/CMakeFiles/CMakeTmp

Run Build Command(s):/usr/bin/gmake -f Makefile cmTC_7ac36/fast && /usr/bin/gmake  -f CMakeFiles/cmTC_7ac36.dir/build.make CMakeFiles/cmTC_7ac36.dir/build
gmake[1]: Entering directory `/gridgroup/ilc/pasquier/SDHCALContent/build/CMakeFiles/CMakeTmp'
Building C object CMakeFiles/cmTC_7ac36.dir/CMakeCCompilerABI.c.o
/cvmfs/sft.cern.ch/lcg/releases/gcc/10.3.0-f5826/x86_64-centos7/bin/gcc   -v -o CMakeFiles/cmTC_7ac36.dir/CMakeCCompilerABI.c.o -c /cvmfs/ilc.desy.de/sw/x86_64_gcc103_centos7/CMake/3.23.2/share/cmake-3.23/Modules/CMakeCCompilerABI.c
Using built-in specs.
COLLECT_GCC=/cvmfs/sft.cern.ch/lcg/releases/gcc/10.3.0-f5826/x86_64-centos7/bin/gcc
Target: x86_64-pc-linux-gnu
Configured with: /build/dkonst/gcc-clang/build/contrib/gcc-10.3.0/src/gcc/10.3.0/configure --prefix=/build/dkonst/gcc-clang/lcgcmake-install/gcc/10.3.0/x86_64-centos7 -with-system-zlib --disable-multilib --enable-languages=all --with-gnu-ld --with-gnu-as
Thread model: posix
Supported LTO compression algorithms: zlib
gcc version 10.3.0 (GCC) 
COLLECT_GCC_OPTIONS='-v' '-o' 'CMakeFiles/cmTC_7ac36.dir/CMakeCCompilerABI.c.o' '-c' '-mtune=generic' '-march=x86-64'
 /cvmfs/sft.cern.ch/lcg/releases/gcc/10.3.0-f5826/x86_64-centos7/bin/../libexec/gcc/x86_64-pc-linux-gnu/10.3.0/cc1 -quiet -v -iprefix /cvmfs/sft.cern.ch/lcg/releases/gcc/10.3.0-f5826/x86_64-centos7/bin/../lib/gcc/x86_64-pc-linux-gnu/10.3.0/ -isystem /cvmfs/sft.cern.ch/lcg/releases/gcc/10.3.0-f5826/x86_64-centos7/include /cvmfs/ilc.desy.de/sw/x86_64_gcc103_centos7/CMake/3.23.2/share/cmake-3.23/Modules/CMakeCCompilerABI.c -quiet -dumpbase CMakeCCompilerABI.c -mtune=generic -march=x86-64 -auxbase-strip CMakeFiles/cmTC_7ac36.dir/CMakeCCompilerABI.c.o -version -o /tmp/cc9LOFaL.s
GNU C17 (GCC) version 10.3.0 (x86_64-pc-linux-gnu)
	compiled by GNU C version 10.3.0, GMP version 6.1.0, MPFR version 3.1.4, MPC version 1.0.3, isl version isl-0.18-GMP

GGC heuristics: --param ggc-min-expand=100 --param ggc-min-heapsize=131072
ignoring nonexistent directory "/cvmfs/sft.cern.ch/lcg/releases/gcc/10.3.0-f5826/x86_64-centos7/bin/../lib/gcc/x86_64-pc-linux-gnu/10.3.0/../../../../x86_64-pc-linux-gnu/include"
ignoring duplicate directory "/cvmfs/sft.cern.ch/lcg/releases/gcc/10.3.0-f5826/x86_64-centos7/bin/../lib/gcc/../../lib/gcc/x86_64-pc-linux-gnu/10.3.0/include"
ignoring duplicate directory "/cvmfs/sft.cern.ch/lcg/releases/gcc/10.3.0-f5826/x86_64-centos7/bin/../lib/gcc/../../include"
ignoring duplicate directory "/cvmfs/sft.cern.ch/lcg/releases/gcc/10.3.0-f5826/x86_64-centos7/bin/../lib/gcc/../../lib/gcc/x86_64-pc-linux-gnu/10.3.0/include-fixed"
ignoring nonexistent directory "/cvmfs/sft.cern.ch/lcg/releases/gcc/10.3.0-f5826/x86_64-centos7/bin/../lib/gcc/../../lib/gcc/x86_64-pc-linux-gnu/10.3.0/../../../../x86_64-pc-linux-gnu/include"
#include "..." search starts here:
#include <...> search starts here:
 /cvmfs/sft.cern.ch/lcg/releases/gcc/10.3.0-f5826/x86_64-centos7/include
 /cvmfs/sft.cern.ch/lcg/releases/gcc/10.3.0-f5826/x86_64-centos7/bin/../lib/gcc/x86_64-pc-linux-gnu/10.3.0/include
 /cvmfs/sft.cern.ch/lcg/releases/gcc/10.3.0-f5826/x86_64-centos7/bin/../lib/gcc/x86_64-pc-linux-gnu/10.3.0/include-fixed
 /usr/local/include
 /usr/include
End of search list.
GNU C17 (GCC) version 10.3.0 (x86_64-pc-linux-gnu)
	compiled by GNU C version 10.3.0, GMP version 6.1.0, MPFR version 3.1.4, MPC version 1.0.3, isl version isl-0.18-GMP

GGC heuristics: --param ggc-min-expand=100 --param ggc-min-heapsize=131072
Compiler executable checksum: 1a2ef70f7244523314cda6f70d63d7fd
COLLECT_GCC_OPTIONS='-v' '-o' 'CMakeFiles/cmTC_7ac36.dir/CMakeCCompilerABI.c.o' '-c' '-mtune=generic' '-march=x86-64'
 as -v --64 -o CMakeFiles/cmTC_7ac36.dir/CMakeCCompilerABI.c.o /tmp/cc9LOFaL.s
GNU assembler version 2.36.1 (x86_64-pc-linux-gnu) using BFD version (GNU Binutils) 2.36.1
COMPILER_PATH=/cvmfs/sft.cern.ch/lcg/releases/gcc/10.3.0-f5826/x86_64-centos7/bin/../libexec/gcc/x86_64-pc-linux-gnu/10.3.0/:/cvmfs/sft.cern.ch/lcg/releases/gcc/10.3.0-f5826/x86_64-centos7/bin/../libexec/gcc/:/cvmfs/sft.cern.ch/lcg/releases/gcc/10.3.0-f5826/x86_64-centos7/
LIBRARY_PATH=/cvmfs/sft.cern.ch/lcg/releases/gcc/10.3.0-f5826/x86_64-centos7/bin/../lib/gcc/x86_64-pc-linux-gnu/10.3.0/:/cvmfs/sft.cern.ch/lcg/releases/gcc/10.3.0-f5826/x86_64-centos7/bin/../lib/gcc/:/cvmfs/sft.cern.ch/lcg/releases/gcc/10.3.0-f5826/x86_64-centos7/bin/../lib/gcc/x86_64-pc-linux-gnu/10.3.0/../../../../lib64/:/lib/../lib64/:/usr/lib/../lib64/:/cvmfs/sft.cern.ch/lcg/releases/gcc/10.3.0-f5826/x86_64-centos7/bin/../lib/gcc/x86_64-pc-linux-gnu/10.3.0/../../../:/lib/:/usr/lib/
COLLECT_GCC_OPTIONS='-v' '-o' 'CMakeFiles/cmTC_7ac36.dir/CMakeCCompilerABI.c.o' '-c' '-mtune=generic' '-march=x86-64'
Linking C executable cmTC_7ac36
/cvmfs/ilc.desy.de/sw/x86_64_gcc103_centos7/CMake/3.23.2/bin/cmake -E cmake_link_script CMakeFiles/cmTC_7ac36.dir/link.txt --verbose=1
/cvmfs/sft.cern.ch/lcg/releases/gcc/10.3.0-f5826/x86_64-centos7/bin/gcc  -v -rdynamic CMakeFiles/cmTC_7ac36.dir/CMakeCCompilerABI.c.o -o cmTC_7ac36 
Using built-in specs.
COLLECT_GCC=/cvmfs/sft.cern.ch/lcg/releases/gcc/10.3.0-f5826/x86_64-centos7/bin/gcc
COLLECT_LTO_WRAPPER=/cvmfs/sft.cern.ch/lcg/releases/gcc/10.3.0-f5826/x86_64-centos7/bin/../libexec/gcc/x86_64-pc-linux-gnu/10.3.0/lto-wrapper
Target: x86_64-pc-linux-gnu
Configured with: /build/dkonst/gcc-clang/build/contrib/gcc-10.3.0/src/gcc/10.3.0/configure --prefix=/build/dkonst/gcc-clang/lcgcmake-install/gcc/10.3.0/x86_64-centos7 -with-system-zlib --disable-multilib --enable-languages=all --with-gnu-ld --with-gnu-as
Thread model: posix
Supported LTO compression algorithms: zlib
gcc version 10.3.0 (GCC) 
COMPILER_PATH=/cvmfs/sft.cern.ch/lcg/releases/gcc/10.3.0-f5826/x86_64-centos7/bin/../libexec/gcc/x86_64-pc-linux-gnu/10.3.0/:/cvmfs/sft.cern.ch/lcg/releases/gcc/10.3.0-f5826/x86_64-centos7/bin/../libexec/gcc/:/cvmfs/sft.cern.ch/lcg/releases/gcc/10.3.0-f5826/x86_64-centos7/
LIBRARY_PATH=/cvmfs/sft.cern.ch/lcg/releases/gcc/10.3.0-f5826/x86_64-centos7/bin/../lib/gcc/x86_64-pc-linux-gnu/10.3.0/:/cvmfs/sft.cern.ch/lcg/releases/gcc/10.3.0-f5826/x86_64-centos7/bin/../lib/gcc/:/cvmfs/sft.cern.ch/lcg/releases/gcc/10.3.0-f5826/x86_64-centos7/bin/../lib/gcc/x86_64-pc-linux-gnu/10.3.0/../../../../lib64/:/lib/../lib64/:/usr/lib/../lib64/:/cvmfs/sft.cern.ch/lcg/releases/gcc/10.3.0-f5826/x86_64-centos7/bin/../lib/gcc/x86_64-pc-linux-gnu/10.3.0/../../../:/lib/:/usr/lib/
COLLECT_GCC_OPTIONS='-v' '-rdynamic' '-o' 'cmTC_7ac36' '-mtune=generic' '-march=x86-64'
 /cvmfs/sft.cern.ch/lcg/releases/gcc/10.3.0-f5826/x86_64-centos7/bin/../libexec/gcc/x86_64-pc-linux-gnu/10.3.0/collect2 -plugin /cvmfs/sft.cern.ch/lcg/releases/gcc/10.3.0-f5826/x86_64-centos7/bin/../libexec/gcc/x86_64-pc-linux-gnu/10.3.0/liblto_plugin.so -plugin-opt=/cvmfs/sft.cern.ch/lcg/releases/gcc/10.3.0-f5826/x86_64-centos7/bin/../libexec/gcc/x86_64-pc-linux-gnu/10.3.0/lto-wrapper -plugin-opt=-fresolution=/tmp/ccxyIX1N.res -plugin-opt=-pass-through=-lgcc -plugin-opt=-pass-through=-lgcc_s -plugin-opt=-pass-through=-lc -plugin-opt=-pass-through=-lgcc -plugin-opt=-pass-through=-lgcc_s --eh-frame-hdr -m elf_x86_64 -export-dynamic -dynamic-linker /lib64/ld-linux-x86-64.so.2 -o cmTC_7ac36 /lib/../lib64/crt1.o /lib/../lib64/crti.o /cvmfs/sft.cern.ch/lcg/releases/gcc/10.3.0-f5826/x86_64-centos7/bin/../lib/gcc/x86_64-pc-linux-gnu/10.3.0/crtbegin.o -L/cvmfs/sft.cern.ch/lcg/releases/gcc/10.3.0-f5826/x86_64-centos7/bin/../lib/gcc/x86_64-pc-linux-gnu/10.3.0 -L/cvmfs/sft.cern.ch/lcg/releases/gcc/10.3.0-f5826/x86_64-centos7/bin/../lib/gcc -L/cvmfs/sft.cern.ch/lcg/releases/gcc/10.3.0-f5826/x86_64-centos7/bin/../lib/gcc/x86_64-pc-linux-gnu/10.3.0/../../../../lib64 -L/lib/../lib64 -L/usr/lib/../lib64 -L/cvmfs/sft.cern.ch/lcg/releases/gcc/10.3.0-f5826/x86_64-centos7/bin/../lib/gcc/x86_64-pc-linux-gnu/10.3.0/../../.. CMakeFiles/cmTC_7ac36.dir/CMakeCCompilerABI.c.o -lgcc --push-state --as-needed -lgcc_s --pop-state -lc -lgcc --push-state --as-needed -lgcc_s --pop-state /cvmfs/sft.cern.ch/lcg/releases/gcc/10.3.0-f5826/x86_64-centos7/bin/../lib/gcc/x86_64-pc-linux-gnu/10.3.0/crtend.o /lib/../lib64/crtn.o
COLLECT_GCC_OPTIONS='-v' '-rdynamic' '-o' 'cmTC_7ac36' '-mtune=generic' '-march=x86-64'
gmake[1]: Leaving directory `/gridgroup/ilc/pasquier/SDHCALContent/build/CMakeFiles/CMakeTmp'



Parsed C implicit include dir info from above output: rv=done
  found start of include info
  found start of implicit include info
    add: [/cvmfs/sft.cern.ch/lcg/releases/gcc/10.3.0-f5826/x86_64-centos7/include]
    add: [/cvmfs/sft.cern.ch/lcg/releases/gcc/10.3.0-f5826/x86_64-centos7/bin/../lib/gcc/x86_64-pc-linux-gnu/10.3.0/include]
    add: [/cvmfs/sft.cern.ch/lcg/releases/gcc/10.3.0-f5826/x86_64-centos7/bin/../lib/gcc/x86_64-pc-linux-gnu/10.3.0/include-fixed]
    add: [/usr/local/include]
    add: [/usr/include]
  end of search list found
  collapse include dir [/cvmfs/sft.cern.ch/lcg/releases/gcc/10.3.0-f5826/x86_64-centos7/include] ==> [/cvmfs/sft.cern.ch/lcg/releases/gcc/10.3.0-f5826/x86_64-centos7/include]
  collapse include dir [/cvmfs/sft.cern.ch/lcg/releases/gcc/10.3.0-f5826/x86_64-centos7/bin/../lib/gcc/x86_64-pc-linux-gnu/10.3.0/include] ==> [/cvmfs/sft.cern.ch/lcg/releases/gcc/10.3.0-f5826/x86_64-centos7/lib/gcc/x86_64-pc-linux-gnu/10.3.0/include]
  collapse include dir [/cvmfs/sft.cern.ch/lcg/releases/gcc/10.3.0-f5826/x86_64-centos7/bin/../lib/gcc/x86_64-pc-linux-gnu/10.3.0/include-fixed] ==> [/cvmfs/sft.cern.ch/lcg/releases/gcc/10.3.0-f5826/x86_64-centos7/lib/gcc/x86_64-pc-linux-gnu/10.3.0/include-fixed]
  collapse include dir [/usr/local/include] ==> [/usr/local/include]
  collapse include dir [/usr/include] ==> [/usr/include]
  implicit include dirs: [/cvmfs/sft.cern.ch/lcg/releases/gcc/10.3.0-f5826/x86_64-centos7/include;/cvmfs/sft.cern.ch/lcg/releases/gcc/10.3.0-f5826/x86_64-centos7/lib/gcc/x86_64-pc-linux-gnu/10.3.0/include;/cvmfs/sft.cern.ch/lcg/releases/gcc/10.3.0-f5826/x86_64-centos7/lib/gcc/x86_64-pc-linux-gnu/10.3.0/include-fixed;/usr/local/include;/usr/include]


Parsed C implicit link information from above output:
  link line regex: [^( *|.*[/\])(ld|CMAKE_LINK_STARTFILE-NOTFOUND|([^/\]+-)?ld|collect2)[^/\]*( |$)]
  ignore line: [Change Dir: /gridgroup/ilc/pasquier/SDHCALContent/build/CMakeFiles/CMakeTmp]
  ignore line: []
  ignore line: [Run Build Command(s):/usr/bin/gmake -f Makefile cmTC_7ac36/fast && /usr/bin/gmake  -f CMakeFiles/cmTC_7ac36.dir/build.make CMakeFiles/cmTC_7ac36.dir/build]
  ignore line: [gmake[1]: Entering directory `/gridgroup/ilc/pasquier/SDHCALContent/build/CMakeFiles/CMakeTmp']
  ignore line: [Building C object CMakeFiles/cmTC_7ac36.dir/CMakeCCompilerABI.c.o]
  ignore line: [/cvmfs/sft.cern.ch/lcg/releases/gcc/10.3.0-f5826/x86_64-centos7/bin/gcc   -v -o CMakeFiles/cmTC_7ac36.dir/CMakeCCompilerABI.c.o -c /cvmfs/ilc.desy.de/sw/x86_64_gcc103_centos7/CMake/3.23.2/share/cmake-3.23/Modules/CMakeCCompilerABI.c]
  ignore line: [Using built-in specs.]
  ignore line: [COLLECT_GCC=/cvmfs/sft.cern.ch/lcg/releases/gcc/10.3.0-f5826/x86_64-centos7/bin/gcc]
  ignore line: [Target: x86_64-pc-linux-gnu]
  ignore line: [Configured with: /build/dkonst/gcc-clang/build/contrib/gcc-10.3.0/src/gcc/10.3.0/configure --prefix=/build/dkonst/gcc-clang/lcgcmake-install/gcc/10.3.0/x86_64-centos7 -with-system-zlib --disable-multilib --enable-languages=all --with-gnu-ld --with-gnu-as]
  ignore line: [Thread model: posix]
  ignore line: [Supported LTO compression algorithms: zlib]
  ignore line: [gcc version 10.3.0 (GCC) ]
  ignore line: [COLLECT_GCC_OPTIONS='-v' '-o' 'CMakeFiles/cmTC_7ac36.dir/CMakeCCompilerABI.c.o' '-c' '-mtune=generic' '-march=x86-64']
  ignore line: [ /cvmfs/sft.cern.ch/lcg/releases/gcc/10.3.0-f5826/x86_64-centos7/bin/../libexec/gcc/x86_64-pc-linux-gnu/10.3.0/cc1 -quiet -v -iprefix /cvmfs/sft.cern.ch/lcg/releases/gcc/10.3.0-f5826/x86_64-centos7/bin/../lib/gcc/x86_64-pc-linux-gnu/10.3.0/ -isystem /cvmfs/sft.cern.ch/lcg/releases/gcc/10.3.0-f5826/x86_64-centos7/include /cvmfs/ilc.desy.de/sw/x86_64_gcc103_centos7/CMake/3.23.2/share/cmake-3.23/Modules/CMakeCCompilerABI.c -quiet -dumpbase CMakeCCompilerABI.c -mtune=generic -march=x86-64 -auxbase-strip CMakeFiles/cmTC_7ac36.dir/CMakeCCompilerABI.c.o -version -o /tmp/cc9LOFaL.s]
  ignore line: [GNU C17 (GCC) version 10.3.0 (x86_64-pc-linux-gnu)]
  ignore line: [	compiled by GNU C version 10.3.0  GMP version 6.1.0  MPFR version 3.1.4  MPC version 1.0.3  isl version isl-0.18-GMP]
  ignore line: []
  ignore line: [GGC heuristics: --param ggc-min-expand=100 --param ggc-min-heapsize=131072]
  ignore line: [ignoring nonexistent directory "/cvmfs/sft.cern.ch/lcg/releases/gcc/10.3.0-f5826/x86_64-centos7/bin/../lib/gcc/x86_64-pc-linux-gnu/10.3.0/../../../../x86_64-pc-linux-gnu/include"]
  ignore line: [ignoring duplicate directory "/cvmfs/sft.cern.ch/lcg/releases/gcc/10.3.0-f5826/x86_64-centos7/bin/../lib/gcc/../../lib/gcc/x86_64-pc-linux-gnu/10.3.0/include"]
  ignore line: [ignoring duplicate directory "/cvmfs/sft.cern.ch/lcg/releases/gcc/10.3.0-f5826/x86_64-centos7/bin/../lib/gcc/../../include"]
  ignore line: [ignoring duplicate directory "/cvmfs/sft.cern.ch/lcg/releases/gcc/10.3.0-f5826/x86_64-centos7/bin/../lib/gcc/../../lib/gcc/x86_64-pc-linux-gnu/10.3.0/include-fixed"]
  ignore line: [ignoring nonexistent directory "/cvmfs/sft.cern.ch/lcg/releases/gcc/10.3.0-f5826/x86_64-centos7/bin/../lib/gcc/../../lib/gcc/x86_64-pc-linux-gnu/10.3.0/../../../../x86_64-pc-linux-gnu/include"]
  ignore line: [#include "..." search starts here:]
  ignore line: [#include <...> search starts here:]
  ignore line: [ /cvmfs/sft.cern.ch/lcg/releases/gcc/10.3.0-f5826/x86_64-centos7/include]
  ignore line: [ /cvmfs/sft.cern.ch/lcg/releases/gcc/10.3.0-f5826/x86_64-centos7/bin/../lib/gcc/x86_64-pc-linux-gnu/10.3.0/include]
  ignore line: [ /cvmfs/sft.cern.ch/lcg/releases/gcc/10.3.0-f5826/x86_64-centos7/bin/../lib/gcc/x86_64-pc-linux-gnu/10.3.0/include-fixed]
  ignore line: [ /usr/local/include]
  ignore line: [ /usr/include]
  ignore line: [End of search list.]
  ignore line: [GNU C17 (GCC) version 10.3.0 (x86_64-pc-linux-gnu)]
  ignore line: [	compiled by GNU C version 10.3.0  GMP version 6.1.0  MPFR version 3.1.4  MPC version 1.0.3  isl version isl-0.18-GMP]
  ignore line: []
  ignore line: [GGC heuristics: --param ggc-min-expand=100 --param ggc-min-heapsize=131072]
  ignore line: [Compiler executable checksum: 1a2ef70f7244523314cda6f70d63d7fd]
  ignore line: [COLLECT_GCC_OPTIONS='-v' '-o' 'CMakeFiles/cmTC_7ac36.dir/CMakeCCompilerABI.c.o' '-c' '-mtune=generic' '-march=x86-64']
  ignore line: [ as -v --64 -o CMakeFiles/cmTC_7ac36.dir/CMakeCCompilerABI.c.o /tmp/cc9LOFaL.s]
  ignore line: [GNU assembler version 2.36.1 (x86_64-pc-linux-gnu) using BFD version (GNU Binutils) 2.36.1]
  ignore line: [COMPILER_PATH=/cvmfs/sft.cern.ch/lcg/releases/gcc/10.3.0-f5826/x86_64-centos7/bin/../libexec/gcc/x86_64-pc-linux-gnu/10.3.0/:/cvmfs/sft.cern.ch/lcg/releases/gcc/10.3.0-f5826/x86_64-centos7/bin/../libexec/gcc/:/cvmfs/sft.cern.ch/lcg/releases/gcc/10.3.0-f5826/x86_64-centos7/]
  ignore line: [LIBRARY_PATH=/cvmfs/sft.cern.ch/lcg/releases/gcc/10.3.0-f5826/x86_64-centos7/bin/../lib/gcc/x86_64-pc-linux-gnu/10.3.0/:/cvmfs/sft.cern.ch/lcg/releases/gcc/10.3.0-f5826/x86_64-centos7/bin/../lib/gcc/:/cvmfs/sft.cern.ch/lcg/releases/gcc/10.3.0-f5826/x86_64-centos7/bin/../lib/gcc/x86_64-pc-linux-gnu/10.3.0/../../../../lib64/:/lib/../lib64/:/usr/lib/../lib64/:/cvmfs/sft.cern.ch/lcg/releases/gcc/10.3.0-f5826/x86_64-centos7/bin/../lib/gcc/x86_64-pc-linux-gnu/10.3.0/../../../:/lib/:/usr/lib/]
  ignore line: [COLLECT_GCC_OPTIONS='-v' '-o' 'CMakeFiles/cmTC_7ac36.dir/CMakeCCompilerABI.c.o' '-c' '-mtune=generic' '-march=x86-64']
  ignore line: [Linking C executable cmTC_7ac36]
  ignore line: [/cvmfs/ilc.desy.de/sw/x86_64_gcc103_centos7/CMake/3.23.2/bin/cmake -E cmake_link_script CMakeFiles/cmTC_7ac36.dir/link.txt --verbose=1]
  ignore line: [/cvmfs/sft.cern.ch/lcg/releases/gcc/10.3.0-f5826/x86_64-centos7/bin/gcc  -v -rdynamic CMakeFiles/cmTC_7ac36.dir/CMakeCCompilerABI.c.o -o cmTC_7ac36 ]
  ignore line: [Using built-in specs.]
  ignore line: [COLLECT_GCC=/cvmfs/sft.cern.ch/lcg/releases/gcc/10.3.0-f5826/x86_64-centos7/bin/gcc]
  ignore line: [COLLECT_LTO_WRAPPER=/cvmfs/sft.cern.ch/lcg/releases/gcc/10.3.0-f5826/x86_64-centos7/bin/../libexec/gcc/x86_64-pc-linux-gnu/10.3.0/lto-wrapper]
  ignore line: [Target: x86_64-pc-linux-gnu]
  ignore line: [Configured with: /build/dkonst/gcc-clang/build/contrib/gcc-10.3.0/src/gcc/10.3.0/configure --prefix=/build/dkonst/gcc-clang/lcgcmake-install/gcc/10.3.0/x86_64-centos7 -with-system-zlib --disable-multilib --enable-languages=all --with-gnu-ld --with-gnu-as]
  ignore line: [Thread model: posix]
  ignore line: [Supported LTO compression algorithms: zlib]
  ignore line: [gcc version 10.3.0 (GCC) ]
  ignore line: [COMPILER_PATH=/cvmfs/sft.cern.ch/lcg/releases/gcc/10.3.0-f5826/x86_64-centos7/bin/../libexec/gcc/x86_64-pc-linux-gnu/10.3.0/:/cvmfs/sft.cern.ch/lcg/releases/gcc/10.3.0-f5826/x86_64-centos7/bin/../libexec/gcc/:/cvmfs/sft.cern.ch/lcg/releases/gcc/10.3.0-f5826/x86_64-centos7/]
  ignore line: [LIBRARY_PATH=/cvmfs/sft.cern.ch/lcg/releases/gcc/10.3.0-f5826/x86_64-centos7/bin/../lib/gcc/x86_64-pc-linux-gnu/10.3.0/:/cvmfs/sft.cern.ch/lcg/releases/gcc/10.3.0-f5826/x86_64-centos7/bin/../lib/gcc/:/cvmfs/sft.cern.ch/lcg/releases/gcc/10.3.0-f5826/x86_64-centos7/bin/../lib/gcc/x86_64-pc-linux-gnu/10.3.0/../../../../lib64/:/lib/../lib64/:/usr/lib/../lib64/:/cvmfs/sft.cern.ch/lcg/releases/gcc/10.3.0-f5826/x86_64-centos7/bin/../lib/gcc/x86_64-pc-linux-gnu/10.3.0/../../../:/lib/:/usr/lib/]
  ignore line: [COLLECT_GCC_OPTIONS='-v' '-rdynamic' '-o' 'cmTC_7ac36' '-mtune=generic' '-march=x86-64']
  link line: [ /cvmfs/sft.cern.ch/lcg/releases/gcc/10.3.0-f5826/x86_64-centos7/bin/../libexec/gcc/x86_64-pc-linux-gnu/10.3.0/collect2 -plugin /cvmfs/sft.cern.ch/lcg/releases/gcc/10.3.0-f5826/x86_64-centos7/bin/../libexec/gcc/x86_64-pc-linux-gnu/10.3.0/liblto_plugin.so -plugin-opt=/cvmfs/sft.cern.ch/lcg/releases/gcc/10.3.0-f5826/x86_64-centos7/bin/../libexec/gcc/x86_64-pc-linux-gnu/10.3.0/lto-wrapper -plugin-opt=-fresolution=/tmp/ccxyIX1N.res -plugin-opt=-pass-through=-lgcc -plugin-opt=-pass-through=-lgcc_s -plugin-opt=-pass-through=-lc -plugin-opt=-pass-through=-lgcc -plugin-opt=-pass-through=-lgcc_s --eh-frame-hdr -m elf_x86_64 -export-dynamic -dynamic-linker /lib64/ld-linux-x86-64.so.2 -o cmTC_7ac36 /lib/../lib64/crt1.o /lib/../lib64/crti.o /cvmfs/sft.cern.ch/lcg/releases/gcc/10.3.0-f5826/x86_64-centos7/bin/../lib/gcc/x86_64-pc-linux-gnu/10.3.0/crtbegin.o -L/cvmfs/sft.cern.ch/lcg/releases/gcc/10.3.0-f5826/x86_64-centos7/bin/../lib/gcc/x86_64-pc-linux-gnu/10.3.0 -L/cvmfs/sft.cern.ch/lcg/releases/gcc/10.3.0-f5826/x86_64-centos7/bin/../lib/gcc -L/cvmfs/sft.cern.ch/lcg/releases/gcc/10.3.0-f5826/x86_64-centos7/bin/../lib/gcc/x86_64-pc-linux-gnu/10.3.0/../../../../lib64 -L/lib/../lib64 -L/usr/lib/../lib64 -L/cvmfs/sft.cern.ch/lcg/releases/gcc/10.3.0-f5826/x86_64-centos7/bin/../lib/gcc/x86_64-pc-linux-gnu/10.3.0/../../.. CMakeFiles/cmTC_7ac36.dir/CMakeCCompilerABI.c.o -lgcc --push-state --as-needed -lgcc_s --pop-state -lc -lgcc --push-state --as-needed -lgcc_s --pop-state /cvmfs/sft.cern.ch/lcg/releases/gcc/10.3.0-f5826/x86_64-centos7/bin/../lib/gcc/x86_64-pc-linux-gnu/10.3.0/crtend.o /lib/../lib64/crtn.o]
    arg [/cvmfs/sft.cern.ch/lcg/releases/gcc/10.3.0-f5826/x86_64-centos7/bin/../libexec/gcc/x86_64-pc-linux-gnu/10.3.0/collect2] ==> ignore
    arg [-plugin] ==> ignore
    arg [/cvmfs/sft.cern.ch/lcg/releases/gcc/10.3.0-f5826/x86_64-centos7/bin/../libexec/gcc/x86_64-pc-linux-gnu/10.3.0/liblto_plugin.so] ==> ignore
    arg [-plugin-opt=/cvmfs/sft.cern.ch/lcg/releases/gcc/10.3.0-f5826/x86_64-centos7/bin/../libexec/gcc/x86_64-pc-linux-gnu/10.3.0/lto-wrapper] ==> ignore
    arg [-plugin-opt=-fresolution=/tmp/ccxyIX1N.res] ==> ignore
    arg [-plugin-opt=-pass-through=-lgcc] ==> ignore
    arg [-plugin-opt=-pass-through=-lgcc_s] ==> ignore
    arg [-plugin-opt=-pass-through=-lc] ==> ignore
    arg [-plugin-opt=-pass-through=-lgcc] ==> ignore
    arg [-plugin-opt=-pass-through=-lgcc_s] ==> ignore
    arg [--eh-frame-hdr] ==> ignore
    arg [-m] ==> ignore
    arg [elf_x86_64] ==> ignore
    arg [-export-dynamic] ==> ignore
    arg [-dynamic-linker] ==> ignore
    arg [/lib64/ld-linux-x86-64.so.2] ==> ignore
    arg [-o] ==> ignore
    arg [cmTC_7ac36] ==> ignore
    arg [/lib/../lib64/crt1.o] ==> obj [/lib/../lib64/crt1.o]
    arg [/lib/../lib64/crti.o] ==> obj [/lib/../lib64/crti.o]
    arg [/cvmfs/sft.cern.ch/lcg/releases/gcc/10.3.0-f5826/x86_64-centos7/bin/../lib/gcc/x86_64-pc-linux-gnu/10.3.0/crtbegin.o] ==> obj [/cvmfs/sft.cern.ch/lcg/releases/gcc/10.3.0-f5826/x86_64-centos7/bin/../lib/gcc/x86_64-pc-linux-gnu/10.3.0/crtbegin.o]
    arg [-L/cvmfs/sft.cern.ch/lcg/releases/gcc/10.3.0-f5826/x86_64-centos7/bin/../lib/gcc/x86_64-pc-linux-gnu/10.3.0] ==> dir [/cvmfs/sft.cern.ch/lcg/releases/gcc/10.3.0-f5826/x86_64-centos7/bin/../lib/gcc/x86_64-pc-linux-gnu/10.3.0]
    arg [-L/cvmfs/sft.cern.ch/lcg/releases/gcc/10.3.0-f5826/x86_64-centos7/bin/../lib/gcc] ==> dir [/cvmfs/sft.cern.ch/lcg/releases/gcc/10.3.0-f5826/x86_64-centos7/bin/../lib/gcc]
    arg [-L/cvmfs/sft.cern.ch/lcg/releases/gcc/10.3.0-f5826/x86_64-centos7/bin/../lib/gcc/x86_64-pc-linux-gnu/10.3.0/../../../../lib64] ==> dir [/cvmfs/sft.cern.ch/lcg/releases/gcc/10.3.0-f5826/x86_64-centos7/bin/../lib/gcc/x86_64-pc-linux-gnu/10.3.0/../../../../lib64]
    arg [-L/lib/../lib64] ==> dir [/lib/../lib64]
    arg [-L/usr/lib/../lib64] ==> dir [/usr/lib/../lib64]
    arg [-L/cvmfs/sft.cern.ch/lcg/releases/gcc/10.3.0-f5826/x86_64-centos7/bin/../lib/gcc/x86_64-pc-linux-gnu/10.3.0/../../..] ==> dir [/cvmfs/sft.cern.ch/lcg/releases/gcc/10.3.0-f5826/x86_64-centos7/bin/../lib/gcc/x86_64-pc-linux-gnu/10.3.0/../../..]
    arg [CMakeFiles/cmTC_7ac36.dir/CMakeCCompilerABI.c.o] ==> ignore
    arg [-lgcc] ==> lib [gcc]
    arg [--push-state] ==> ignore
    arg [--as-needed] ==> ignore
    arg [-lgcc_s] ==> lib [gcc_s]
    arg [--pop-state] ==> ignore
    arg [-lc] ==> lib [c]
    arg [-lgcc] ==> lib [gcc]
    arg [--push-state] ==> ignore
    arg [--as-needed] ==> ignore
    arg [-lgcc_s] ==> lib [gcc_s]
    arg [--pop-state] ==> ignore
    arg [/cvmfs/sft.cern.ch/lcg/releases/gcc/10.3.0-f5826/x86_64-centos7/bin/../lib/gcc/x86_64-pc-linux-gnu/10.3.0/crtend.o] ==> obj [/cvmfs/sft.cern.ch/lcg/releases/gcc/10.3.0-f5826/x86_64-centos7/bin/../lib/gcc/x86_64-pc-linux-gnu/10.3.0/crtend.o]
    arg [/lib/../lib64/crtn.o] ==> obj [/lib/../lib64/crtn.o]
  collapse obj [/lib/../lib64/crt1.o] ==> [/lib64/crt1.o]
  collapse obj [/lib/../lib64/crti.o] ==> [/lib64/crti.o]
  collapse obj [/cvmfs/sft.cern.ch/lcg/releases/gcc/10.3.0-f5826/x86_64-centos7/bin/../lib/gcc/x86_64-pc-linux-gnu/10.3.0/crtbegin.o] ==> [/cvmfs/sft.cern.ch/lcg/releases/gcc/10.3.0-f5826/x86_64-centos7/lib/gcc/x86_64-pc-linux-gnu/10.3.0/crtbegin.o]
  collapse obj [/cvmfs/sft.cern.ch/lcg/releases/gcc/10.3.0-f5826/x86_64-centos7/bin/../lib/gcc/x86_64-pc-linux-gnu/10.3.0/crtend.o] ==> [/cvmfs/sft.cern.ch/lcg/releases/gcc/10.3.0-f5826/x86_64-centos7/lib/gcc/x86_64-pc-linux-gnu/10.3.0/crtend.o]
  collapse obj [/lib/../lib64/crtn.o] ==> [/lib64/crtn.o]
  collapse library dir [/cvmfs/sft.cern.ch/lcg/releases/gcc/10.3.0-f5826/x86_64-centos7/bin/../lib/gcc/x86_64-pc-linux-gnu/10.3.0] ==> [/cvmfs/sft.cern.ch/lcg/releases/gcc/10.3.0-f5826/x86_64-centos7/lib/gcc/x86_64-pc-linux-gnu/10.3.0]
  collapse library dir [/cvmfs/sft.cern.ch/lcg/releases/gcc/10.3.0-f5826/x86_64-centos7/bin/../lib/gcc] ==> [/cvmfs/sft.cern.ch/lcg/releases/gcc/10.3.0-f5826/x86_64-centos7/lib/gcc]
  collapse library dir [/cvmfs/sft.cern.ch/lcg/releases/gcc/10.3.0-f5826/x86_64-centos7/bin/../lib/gcc/x86_64-pc-linux-gnu/10.3.0/../../../../lib64] ==> [/cvmfs/sft.cern.ch/lcg/releases/gcc/10.3.0-f5826/x86_64-centos7/lib64]
  collapse library dir [/lib/../lib64] ==> [/lib64]
  collapse library dir [/usr/lib/../lib64] ==> [/usr/lib64]
  collapse library dir [/cvmfs/sft.cern.ch/lcg/releases/gcc/10.3.0-f5826/x86_64-centos7/bin/../lib/gcc/x86_64-pc-linux-gnu/10.3.0/../../..] ==> [/cvmfs/sft.cern.ch/lcg/releases/gcc/10.3.0-f5826/x86_64-centos7/lib]
  implicit libs: [gcc;gcc_s;c;gcc;gcc_s]
  implicit objs: [/lib64/crt1.o;/lib64/crti.o;/cvmfs/sft.cern.ch/lcg/releases/gcc/10.3.0-f5826/x86_64-centos7/lib/gcc/x86_64-pc-linux-gnu/10.3.0/crtbegin.o;/cvmfs/sft.cern.ch/lcg/releases/gcc/10.3.0-f5826/x86_64-centos7/lib/gcc/x86_64-pc-linux-gnu/10.3.0/crtend.o;/lib64/crtn.o]
  implicit dirs: [/cvmfs/sft.cern.ch/lcg/releases/gcc/10.3.0-f5826/x86_64-centos7/lib/gcc/x86_64-pc-linux-gnu/10.3.0;/cvmfs/sft.cern.ch/lcg/releases/gcc/10.3.0-f5826/x86_64-centos7/lib/gcc;/cvmfs/sft.cern.ch/lcg/releases/gcc/10.3.0-f5826/x86_64-centos7/lib64;/lib64;/usr/lib64;/cvmfs/sft.cern.ch/lcg/releases/gcc/10.3.0-f5826/x86_64-centos7/lib]
  implicit fwks: []


Detecting CXX compiler ABI info compiled with the following output:
Change Dir: /gridgroup/ilc/pasquier/SDHCALContent/build/CMakeFiles/CMakeTmp

Run Build Command(s):/usr/bin/gmake -f Makefile cmTC_1926e/fast && /usr/bin/gmake  -f CMakeFiles/cmTC_1926e.dir/build.make CMakeFiles/cmTC_1926e.dir/build
gmake[1]: Entering directory `/gridgroup/ilc/pasquier/SDHCALContent/build/CMakeFiles/CMakeTmp'
Building CXX object CMakeFiles/cmTC_1926e.dir/CMakeCXXCompilerABI.cpp.o
/cvmfs/sft.cern.ch/lcg/releases/gcc/10.3.0-f5826/x86_64-centos7/bin/g++   -v -o CMakeFiles/cmTC_1926e.dir/CMakeCXXCompilerABI.cpp.o -c /cvmfs/ilc.desy.de/sw/x86_64_gcc103_centos7/CMake/3.23.2/share/cmake-3.23/Modules/CMakeCXXCompilerABI.cpp
Using built-in specs.
COLLECT_GCC=/cvmfs/sft.cern.ch/lcg/releases/gcc/10.3.0-f5826/x86_64-centos7/bin/g++
Target: x86_64-pc-linux-gnu
Configured with: /build/dkonst/gcc-clang/build/contrib/gcc-10.3.0/src/gcc/10.3.0/configure --prefix=/build/dkonst/gcc-clang/lcgcmake-install/gcc/10.3.0/x86_64-centos7 -with-system-zlib --disable-multilib --enable-languages=all --with-gnu-ld --with-gnu-as
Thread model: posix
Supported LTO compression algorithms: zlib
gcc version 10.3.0 (GCC) 
COLLECT_GCC_OPTIONS='-v' '-o' 'CMakeFiles/cmTC_1926e.dir/CMakeCXXCompilerABI.cpp.o' '-c' '-shared-libgcc' '-mtune=generic' '-march=x86-64'
 /cvmfs/sft.cern.ch/lcg/releases/gcc/10.3.0-f5826/x86_64-centos7/bin/../libexec/gcc/x86_64-pc-linux-gnu/10.3.0/cc1plus -quiet -v -iprefix /cvmfs/sft.cern.ch/lcg/releases/gcc/10.3.0-f5826/x86_64-centos7/bin/../lib/gcc/x86_64-pc-linux-gnu/10.3.0/ -isystem /cvmfs/sft.cern.ch/lcg/releases/gcc/10.3.0-f5826/x86_64-centos7/include -D_GNU_SOURCE /cvmfs/ilc.desy.de/sw/x86_64_gcc103_centos7/CMake/3.23.2/share/cmake-3.23/Modules/CMakeCXXCompilerABI.cpp -quiet -dumpbase CMakeCXXCompilerABI.cpp -mtune=generic -march=x86-64 -auxbase-strip CMakeFiles/cmTC_1926e.dir/CMakeCXXCompilerABI.cpp.o -version -o /tmp/ccBSe7hC.s
GNU C++14 (GCC) version 10.3.0 (x86_64-pc-linux-gnu)
	compiled by GNU C version 10.3.0, GMP version 6.1.0, MPFR version 3.1.4, MPC version 1.0.3, isl version isl-0.18-GMP

GGC heuristics: --param ggc-min-expand=100 --param ggc-min-heapsize=131072
ignoring nonexistent directory "/cvmfs/sft.cern.ch/lcg/releases/gcc/10.3.0-f5826/x86_64-centos7/bin/../lib/gcc/x86_64-pc-linux-gnu/10.3.0/../../../../x86_64-pc-linux-gnu/include"
ignoring duplicate directory "/cvmfs/sft.cern.ch/lcg/releases/gcc/10.3.0-f5826/x86_64-centos7/bin/../lib/gcc/../../lib/gcc/x86_64-pc-linux-gnu/10.3.0/../../../../include/c++/10.3.0"
ignoring duplicate directory "/cvmfs/sft.cern.ch/lcg/releases/gcc/10.3.0-f5826/x86_64-centos7/bin/../lib/gcc/../../lib/gcc/x86_64-pc-linux-gnu/10.3.0/../../../../include/c++/10.3.0/x86_64-pc-linux-gnu"
ignoring duplicate directory "/cvmfs/sft.cern.ch/lcg/releases/gcc/10.3.0-f5826/x86_64-centos7/bin/../lib/gcc/../../lib/gcc/x86_64-pc-linux-gnu/10.3.0/../../../../include/c++/10.3.0/backward"
ignoring duplicate directory "/cvmfs/sft.cern.ch/lcg/releases/gcc/10.3.0-f5826/x86_64-centos7/bin/../lib/gcc/../../lib/gcc/x86_64-pc-linux-gnu/10.3.0/include"
ignoring duplicate directory "/cvmfs/sft.cern.ch/lcg/releases/gcc/10.3.0-f5826/x86_64-centos7/bin/../lib/gcc/../../include"
ignoring duplicate directory "/cvmfs/sft.cern.ch/lcg/releases/gcc/10.3.0-f5826/x86_64-centos7/bin/../lib/gcc/../../lib/gcc/x86_64-pc-linux-gnu/10.3.0/include-fixed"
ignoring nonexistent directory "/cvmfs/sft.cern.ch/lcg/releases/gcc/10.3.0-f5826/x86_64-centos7/bin/../lib/gcc/../../lib/gcc/x86_64-pc-linux-gnu/10.3.0/../../../../x86_64-pc-linux-gnu/include"
#include "..." search starts here:
#include <...> search starts here:
 /cvmfs/sft.cern.ch/lcg/releases/gcc/10.3.0-f5826/x86_64-centos7/include
 /cvmfs/sft.cern.ch/lcg/releases/gcc/10.3.0-f5826/x86_64-centos7/bin/../lib/gcc/x86_64-pc-linux-gnu/10.3.0/../../../../include/c++/10.3.0
 /cvmfs/sft.cern.ch/lcg/releases/gcc/10.3.0-f5826/x86_64-centos7/bin/../lib/gcc/x86_64-pc-linux-gnu/10.3.0/../../../../include/c++/10.3.0/x86_64-pc-linux-gnu
 /cvmfs/sft.cern.ch/lcg/releases/gcc/10.3.0-f5826/x86_64-centos7/bin/../lib/gcc/x86_64-pc-linux-gnu/10.3.0/../../../../include/c++/10.3.0/backward
 /cvmfs/sft.cern.ch/lcg/releases/gcc/10.3.0-f5826/x86_64-centos7/bin/../lib/gcc/x86_64-pc-linux-gnu/10.3.0/include
 /cvmfs/sft.cern.ch/lcg/releases/gcc/10.3.0-f5826/x86_64-centos7/bin/../lib/gcc/x86_64-pc-linux-gnu/10.3.0/include-fixed
 /usr/local/include
 /usr/include
End of search list.
GNU C++14 (GCC) version 10.3.0 (x86_64-pc-linux-gnu)
	compiled by GNU C version 10.3.0, GMP version 6.1.0, MPFR version 3.1.4, MPC version 1.0.3, isl version isl-0.18-GMP

GGC heuristics: --param ggc-min-expand=100 --param ggc-min-heapsize=131072
Compiler executable checksum: 1d3c435fb053d473c96b1ed9cb976a66
COLLECT_GCC_OPTIONS='-v' '-o' 'CMakeFiles/cmTC_1926e.dir/CMakeCXXCompilerABI.cpp.o' '-c' '-shared-libgcc' '-mtune=generic' '-march=x86-64'
 as -v --64 -o CMakeFiles/cmTC_1926e.dir/CMakeCXXCompilerABI.cpp.o /tmp/ccBSe7hC.s
GNU assembler version 2.36.1 (x86_64-pc-linux-gnu) using BFD version (GNU Binutils) 2.36.1
COMPILER_PATH=/cvmfs/sft.cern.ch/lcg/releases/gcc/10.3.0-f5826/x86_64-centos7/bin/../libexec/gcc/x86_64-pc-linux-gnu/10.3.0/:/cvmfs/sft.cern.ch/lcg/releases/gcc/10.3.0-f5826/x86_64-centos7/bin/../libexec/gcc/:/cvmfs/sft.cern.ch/lcg/releases/gcc/10.3.0-f5826/x86_64-centos7/
LIBRARY_PATH=/cvmfs/sft.cern.ch/lcg/releases/gcc/10.3.0-f5826/x86_64-centos7/bin/../lib/gcc/x86_64-pc-linux-gnu/10.3.0/:/cvmfs/sft.cern.ch/lcg/releases/gcc/10.3.0-f5826/x86_64-centos7/bin/../lib/gcc/:/cvmfs/sft.cern.ch/lcg/releases/gcc/10.3.0-f5826/x86_64-centos7/bin/../lib/gcc/x86_64-pc-linux-gnu/10.3.0/../../../../lib64/:/lib/../lib64/:/usr/lib/../lib64/:/cvmfs/sft.cern.ch/lcg/releases/gcc/10.3.0-f5826/x86_64-centos7/bin/../lib/gcc/x86_64-pc-linux-gnu/10.3.0/../../../:/lib/:/usr/lib/
COLLECT_GCC_OPTIONS='-v' '-o' 'CMakeFiles/cmTC_1926e.dir/CMakeCXXCompilerABI.cpp.o' '-c' '-shared-libgcc' '-mtune=generic' '-march=x86-64'
Linking CXX executable cmTC_1926e
/cvmfs/ilc.desy.de/sw/x86_64_gcc103_centos7/CMake/3.23.2/bin/cmake -E cmake_link_script CMakeFiles/cmTC_1926e.dir/link.txt --verbose=1
/cvmfs/sft.cern.ch/lcg/releases/gcc/10.3.0-f5826/x86_64-centos7/bin/g++  -v -rdynamic CMakeFiles/cmTC_1926e.dir/CMakeCXXCompilerABI.cpp.o -o cmTC_1926e 
Using built-in specs.
COLLECT_GCC=/cvmfs/sft.cern.ch/lcg/releases/gcc/10.3.0-f5826/x86_64-centos7/bin/g++
COLLECT_LTO_WRAPPER=/cvmfs/sft.cern.ch/lcg/releases/gcc/10.3.0-f5826/x86_64-centos7/bin/../libexec/gcc/x86_64-pc-linux-gnu/10.3.0/lto-wrapper
Target: x86_64-pc-linux-gnu
Configured with: /build/dkonst/gcc-clang/build/contrib/gcc-10.3.0/src/gcc/10.3.0/configure --prefix=/build/dkonst/gcc-clang/lcgcmake-install/gcc/10.3.0/x86_64-centos7 -with-system-zlib --disable-multilib --enable-languages=all --with-gnu-ld --with-gnu-as
Thread model: posix
Supported LTO compression algorithms: zlib
gcc version 10.3.0 (GCC) 
COMPILER_PATH=/cvmfs/sft.cern.ch/lcg/releases/gcc/10.3.0-f5826/x86_64-centos7/bin/../libexec/gcc/x86_64-pc-linux-gnu/10.3.0/:/cvmfs/sft.cern.ch/lcg/releases/gcc/10.3.0-f5826/x86_64-centos7/bin/../libexec/gcc/:/cvmfs/sft.cern.ch/lcg/releases/gcc/10.3.0-f5826/x86_64-centos7/
LIBRARY_PATH=/cvmfs/sft.cern.ch/lcg/releases/gcc/10.3.0-f5826/x86_64-centos7/bin/../lib/gcc/x86_64-pc-linux-gnu/10.3.0/:/cvmfs/sft.cern.ch/lcg/releases/gcc/10.3.0-f5826/x86_64-centos7/bin/../lib/gcc/:/cvmfs/sft.cern.ch/lcg/releases/gcc/10.3.0-f5826/x86_64-centos7/bin/../lib/gcc/x86_64-pc-linux-gnu/10.3.0/../../../../lib64/:/lib/../lib64/:/usr/lib/../lib64/:/cvmfs/sft.cern.ch/lcg/releases/gcc/10.3.0-f5826/x86_64-centos7/bin/../lib/gcc/x86_64-pc-linux-gnu/10.3.0/../../../:/lib/:/usr/lib/
COLLECT_GCC_OPTIONS='-v' '-rdynamic' '-o' 'cmTC_1926e' '-shared-libgcc' '-mtune=generic' '-march=x86-64'
 /cvmfs/sft.cern.ch/lcg/releases/gcc/10.3.0-f5826/x86_64-centos7/bin/../libexec/gcc/x86_64-pc-linux-gnu/10.3.0/collect2 -plugin /cvmfs/sft.cern.ch/lcg/releases/gcc/10.3.0-f5826/x86_64-centos7/bin/../libexec/gcc/x86_64-pc-linux-gnu/10.3.0/liblto_plugin.so -plugin-opt=/cvmfs/sft.cern.ch/lcg/releases/gcc/10.3.0-f5826/x86_64-centos7/bin/../libexec/gcc/x86_64-pc-linux-gnu/10.3.0/lto-wrapper -plugin-opt=-fresolution=/tmp/ccLaBR9M.res -plugin-opt=-pass-through=-lgcc_s -plugin-opt=-pass-through=-lgcc -plugin-opt=-pass-through=-lc -plugin-opt=-pass-through=-lgcc_s -plugin-opt=-pass-through=-lgcc --eh-frame-hdr -m elf_x86_64 -export-dynamic -dynamic-linker /lib64/ld-linux-x86-64.so.2 -o cmTC_1926e /lib/../lib64/crt1.o /lib/../lib64/crti.o /cvmfs/sft.cern.ch/lcg/releases/gcc/10.3.0-f5826/x86_64-centos7/bin/../lib/gcc/x86_64-pc-linux-gnu/10.3.0/crtbegin.o -L/cvmfs/sft.cern.ch/lcg/releases/gcc/10.3.0-f5826/x86_64-centos7/bin/../lib/gcc/x86_64-pc-linux-gnu/10.3.0 -L/cvmfs/sft.cern.ch/lcg/releases/gcc/10.3.0-f5826/x86_64-centos7/bin/../lib/gcc -L/cvmfs/sft.cern.ch/lcg/releases/gcc/10.3.0-f5826/x86_64-centos7/bin/../lib/gcc/x86_64-pc-linux-gnu/10.3.0/../../../../lib64 -L/lib/../lib64 -L/usr/lib/../lib64 -L/cvmfs/sft.cern.ch/lcg/releases/gcc/10.3.0-f5826/x86_64-centos7/bin/../lib/gcc/x86_64-pc-linux-gnu/10.3.0/../../.. CMakeFiles/cmTC_1926e.dir/CMakeCXXCompilerABI.cpp.o -lstdc++ -lm -lgcc_s -lgcc -lc -lgcc_s -lgcc /cvmfs/sft.cern.ch/lcg/releases/gcc/10.3.0-f5826/x86_64-centos7/bin/../lib/gcc/x86_64-pc-linux-gnu/10.3.0/crtend.o /lib/../lib64/crtn.o
COLLECT_GCC_OPTIONS='-v' '-rdynamic' '-o' 'cmTC_1926e' '-shared-libgcc' '-mtune=generic' '-march=x86-64'
gmake[1]: Leaving directory `/gridgroup/ilc/pasquier/SDHCALContent/build/CMakeFiles/CMakeTmp'



Parsed CXX implicit include dir info from above output: rv=done
  found start of include info
  found start of implicit include info
    add: [/cvmfs/sft.cern.ch/lcg/releases/gcc/10.3.0-f5826/x86_64-centos7/include]
    add: [/cvmfs/sft.cern.ch/lcg/releases/gcc/10.3.0-f5826/x86_64-centos7/bin/../lib/gcc/x86_64-pc-linux-gnu/10.3.0/../../../../include/c++/10.3.0]
    add: [/cvmfs/sft.cern.ch/lcg/releases/gcc/10.3.0-f5826/x86_64-centos7/bin/../lib/gcc/x86_64-pc-linux-gnu/10.3.0/../../../../include/c++/10.3.0/x86_64-pc-linux-gnu]
    add: [/cvmfs/sft.cern.ch/lcg/releases/gcc/10.3.0-f5826/x86_64-centos7/bin/../lib/gcc/x86_64-pc-linux-gnu/10.3.0/../../../../include/c++/10.3.0/backward]
    add: [/cvmfs/sft.cern.ch/lcg/releases/gcc/10.3.0-f5826/x86_64-centos7/bin/../lib/gcc/x86_64-pc-linux-gnu/10.3.0/include]
    add: [/cvmfs/sft.cern.ch/lcg/releases/gcc/10.3.0-f5826/x86_64-centos7/bin/../lib/gcc/x86_64-pc-linux-gnu/10.3.0/include-fixed]
    add: [/usr/local/include]
    add: [/usr/include]
  end of search list found
  collapse include dir [/cvmfs/sft.cern.ch/lcg/releases/gcc/10.3.0-f5826/x86_64-centos7/include] ==> [/cvmfs/sft.cern.ch/lcg/releases/gcc/10.3.0-f5826/x86_64-centos7/include]
  collapse include dir [/cvmfs/sft.cern.ch/lcg/releases/gcc/10.3.0-f5826/x86_64-centos7/bin/../lib/gcc/x86_64-pc-linux-gnu/10.3.0/../../../../include/c++/10.3.0] ==> [/cvmfs/sft.cern.ch/lcg/releases/gcc/10.3.0-f5826/x86_64-centos7/include/c++/10.3.0]
  collapse include dir [/cvmfs/sft.cern.ch/lcg/releases/gcc/10.3.0-f5826/x86_64-centos7/bin/../lib/gcc/x86_64-pc-linux-gnu/10.3.0/../../../../include/c++/10.3.0/x86_64-pc-linux-gnu] ==> [/cvmfs/sft.cern.ch/lcg/releases/gcc/10.3.0-f5826/x86_64-centos7/include/c++/10.3.0/x86_64-pc-linux-gnu]
  collapse include dir [/cvmfs/sft.cern.ch/lcg/releases/gcc/10.3.0-f5826/x86_64-centos7/bin/../lib/gcc/x86_64-pc-linux-gnu/10.3.0/../../../../include/c++/10.3.0/backward] ==> [/cvmfs/sft.cern.ch/lcg/releases/gcc/10.3.0-f5826/x86_64-centos7/include/c++/10.3.0/backward]
  collapse include dir [/cvmfs/sft.cern.ch/lcg/releases/gcc/10.3.0-f5826/x86_64-centos7/bin/../lib/gcc/x86_64-pc-linux-gnu/10.3.0/include] ==> [/cvmfs/sft.cern.ch/lcg/releases/gcc/10.3.0-f5826/x86_64-centos7/lib/gcc/x86_64-pc-linux-gnu/10.3.0/include]
  collapse include dir [/cvmfs/sft.cern.ch/lcg/releases/gcc/10.3.0-f5826/x86_64-centos7/bin/../lib/gcc/x86_64-pc-linux-gnu/10.3.0/include-fixed] ==> [/cvmfs/sft.cern.ch/lcg/releases/gcc/10.3.0-f5826/x86_64-centos7/lib/gcc/x86_64-pc-linux-gnu/10.3.0/include-fixed]
  collapse include dir [/usr/local/include] ==> [/usr/local/include]
  collapse include dir [/usr/include] ==> [/usr/include]
  implicit include dirs: [/cvmfs/sft.cern.ch/lcg/releases/gcc/10.3.0-f5826/x86_64-centos7/include;/cvmfs/sft.cern.ch/lcg/releases/gcc/10.3.0-f5826/x86_64-centos7/include/c++/10.3.0;/cvmfs/sft.cern.ch/lcg/releases/gcc/10.3.0-f5826/x86_64-centos7/include/c++/10.3.0/x86_64-pc-linux-gnu;/cvmfs/sft.cern.ch/lcg/releases/gcc/10.3.0-f5826/x86_64-centos7/include/c++/10.3.0/backward;/cvmfs/sft.cern.ch/lcg/releases/gcc/10.3.0-f5826/x86_64-centos7/lib/gcc/x86_64-pc-linux-gnu/10.3.0/include;/cvmfs/sft.cern.ch/lcg/releases/gcc/10.3.0-f5826/x86_64-centos7/lib/gcc/x86_64-pc-linux-gnu/10.3.0/include-fixed;/usr/local/include;/usr/include]


Parsed CXX implicit link information from above output:
  link line regex: [^( *|.*[/\])(ld|CMAKE_LINK_STARTFILE-NOTFOUND|([^/\]+-)?ld|collect2)[^/\]*( |$)]
  ignore line: [Change Dir: /gridgroup/ilc/pasquier/SDHCALContent/build/CMakeFiles/CMakeTmp]
  ignore line: []
  ignore line: [Run Build Command(s):/usr/bin/gmake -f Makefile cmTC_1926e/fast && /usr/bin/gmake  -f CMakeFiles/cmTC_1926e.dir/build.make CMakeFiles/cmTC_1926e.dir/build]
  ignore line: [gmake[1]: Entering directory `/gridgroup/ilc/pasquier/SDHCALContent/build/CMakeFiles/CMakeTmp']
  ignore line: [Building CXX object CMakeFiles/cmTC_1926e.dir/CMakeCXXCompilerABI.cpp.o]
  ignore line: [/cvmfs/sft.cern.ch/lcg/releases/gcc/10.3.0-f5826/x86_64-centos7/bin/g++   -v -o CMakeFiles/cmTC_1926e.dir/CMakeCXXCompilerABI.cpp.o -c /cvmfs/ilc.desy.de/sw/x86_64_gcc103_centos7/CMake/3.23.2/share/cmake-3.23/Modules/CMakeCXXCompilerABI.cpp]
  ignore line: [Using built-in specs.]
  ignore line: [COLLECT_GCC=/cvmfs/sft.cern.ch/lcg/releases/gcc/10.3.0-f5826/x86_64-centos7/bin/g++]
  ignore line: [Target: x86_64-pc-linux-gnu]
  ignore line: [Configured with: /build/dkonst/gcc-clang/build/contrib/gcc-10.3.0/src/gcc/10.3.0/configure --prefix=/build/dkonst/gcc-clang/lcgcmake-install/gcc/10.3.0/x86_64-centos7 -with-system-zlib --disable-multilib --enable-languages=all --with-gnu-ld --with-gnu-as]
  ignore line: [Thread model: posix]
  ignore line: [Supported LTO compression algorithms: zlib]
  ignore line: [gcc version 10.3.0 (GCC) ]
  ignore line: [COLLECT_GCC_OPTIONS='-v' '-o' 'CMakeFiles/cmTC_1926e.dir/CMakeCXXCompilerABI.cpp.o' '-c' '-shared-libgcc' '-mtune=generic' '-march=x86-64']
  ignore line: [ /cvmfs/sft.cern.ch/lcg/releases/gcc/10.3.0-f5826/x86_64-centos7/bin/../libexec/gcc/x86_64-pc-linux-gnu/10.3.0/cc1plus -quiet -v -iprefix /cvmfs/sft.cern.ch/lcg/releases/gcc/10.3.0-f5826/x86_64-centos7/bin/../lib/gcc/x86_64-pc-linux-gnu/10.3.0/ -isystem /cvmfs/sft.cern.ch/lcg/releases/gcc/10.3.0-f5826/x86_64-centos7/include -D_GNU_SOURCE /cvmfs/ilc.desy.de/sw/x86_64_gcc103_centos7/CMake/3.23.2/share/cmake-3.23/Modules/CMakeCXXCompilerABI.cpp -quiet -dumpbase CMakeCXXCompilerABI.cpp -mtune=generic -march=x86-64 -auxbase-strip CMakeFiles/cmTC_1926e.dir/CMakeCXXCompilerABI.cpp.o -version -o /tmp/ccBSe7hC.s]
  ignore line: [GNU C++14 (GCC) version 10.3.0 (x86_64-pc-linux-gnu)]
  ignore line: [	compiled by GNU C version 10.3.0  GMP version 6.1.0  MPFR version 3.1.4  MPC version 1.0.3  isl version isl-0.18-GMP]
  ignore line: []
  ignore line: [GGC heuristics: --param ggc-min-expand=100 --param ggc-min-heapsize=131072]
  ignore line: [ignoring nonexistent directory "/cvmfs/sft.cern.ch/lcg/releases/gcc/10.3.0-f5826/x86_64-centos7/bin/../lib/gcc/x86_64-pc-linux-gnu/10.3.0/../../../../x86_64-pc-linux-gnu/include"]
  ignore line: [ignoring duplicate directory "/cvmfs/sft.cern.ch/lcg/releases/gcc/10.3.0-f5826/x86_64-centos7/bin/../lib/gcc/../../lib/gcc/x86_64-pc-linux-gnu/10.3.0/../../../../include/c++/10.3.0"]
  ignore line: [ignoring duplicate directory "/cvmfs/sft.cern.ch/lcg/releases/gcc/10.3.0-f5826/x86_64-centos7/bin/../lib/gcc/../../lib/gcc/x86_64-pc-linux-gnu/10.3.0/../../../../include/c++/10.3.0/x86_64-pc-linux-gnu"]
  ignore line: [ignoring duplicate directory "/cvmfs/sft.cern.ch/lcg/releases/gcc/10.3.0-f5826/x86_64-centos7/bin/../lib/gcc/../../lib/gcc/x86_64-pc-linux-gnu/10.3.0/../../../../include/c++/10.3.0/backward"]
  ignore line: [ignoring duplicate directory "/cvmfs/sft.cern.ch/lcg/releases/gcc/10.3.0-f5826/x86_64-centos7/bin/../lib/gcc/../../lib/gcc/x86_64-pc-linux-gnu/10.3.0/include"]
  ignore line: [ignoring duplicate directory "/cvmfs/sft.cern.ch/lcg/releases/gcc/10.3.0-f5826/x86_64-centos7/bin/../lib/gcc/../../include"]
  ignore line: [ignoring duplicate directory "/cvmfs/sft.cern.ch/lcg/releases/gcc/10.3.0-f5826/x86_64-centos7/bin/../lib/gcc/../../lib/gcc/x86_64-pc-linux-gnu/10.3.0/include-fixed"]
  ignore line: [ignoring nonexistent directory "/cvmfs/sft.cern.ch/lcg/releases/gcc/10.3.0-f5826/x86_64-centos7/bin/../lib/gcc/../../lib/gcc/x86_64-pc-linux-gnu/10.3.0/../../../../x86_64-pc-linux-gnu/include"]
  ignore line: [#include "..." search starts here:]
  ignore line: [#include <...> search starts here:]
  ignore line: [ /cvmfs/sft.cern.ch/lcg/releases/gcc/10.3.0-f5826/x86_64-centos7/include]
  ignore line: [ /cvmfs/sft.cern.ch/lcg/releases/gcc/10.3.0-f5826/x86_64-centos7/bin/../lib/gcc/x86_64-pc-linux-gnu/10.3.0/../../../../include/c++/10.3.0]
  ignore line: [ /cvmfs/sft.cern.ch/lcg/releases/gcc/10.3.0-f5826/x86_64-centos7/bin/../lib/gcc/x86_64-pc-linux-gnu/10.3.0/../../../../include/c++/10.3.0/x86_64-pc-linux-gnu]
  ignore line: [ /cvmfs/sft.cern.ch/lcg/releases/gcc/10.3.0-f5826/x86_64-centos7/bin/../lib/gcc/x86_64-pc-linux-gnu/10.3.0/../../../../include/c++/10.3.0/backward]
  ignore line: [ /cvmfs/sft.cern.ch/lcg/releases/gcc/10.3.0-f5826/x86_64-centos7/bin/../lib/gcc/x86_64-pc-linux-gnu/10.3.0/include]
  ignore line: [ /cvmfs/sft.cern.ch/lcg/releases/gcc/10.3.0-f5826/x86_64-centos7/bin/../lib/gcc/x86_64-pc-linux-gnu/10.3.0/include-fixed]
  ignore line: [ /usr/local/include]
  ignore line: [ /usr/include]
  ignore line: [End of search list.]
  ignore line: [GNU C++14 (GCC) version 10.3.0 (x86_64-pc-linux-gnu)]
  ignore line: [	compiled by GNU C version 10.3.0  GMP version 6.1.0  MPFR version 3.1.4  MPC version 1.0.3  isl version isl-0.18-GMP]
  ignore line: []
  ignore line: [GGC heuristics: --param ggc-min-expand=100 --param ggc-min-heapsize=131072]
  ignore line: [Compiler executable checksum: 1d3c435fb053d473c96b1ed9cb976a66]
  ignore line: [COLLECT_GCC_OPTIONS='-v' '-o' 'CMakeFiles/cmTC_1926e.dir/CMakeCXXCompilerABI.cpp.o' '-c' '-shared-libgcc' '-mtune=generic' '-march=x86-64']
  ignore line: [ as -v --64 -o CMakeFiles/cmTC_1926e.dir/CMakeCXXCompilerABI.cpp.o /tmp/ccBSe7hC.s]
  ignore line: [GNU assembler version 2.36.1 (x86_64-pc-linux-gnu) using BFD version (GNU Binutils) 2.36.1]
  ignore line: [COMPILER_PATH=/cvmfs/sft.cern.ch/lcg/releases/gcc/10.3.0-f5826/x86_64-centos7/bin/../libexec/gcc/x86_64-pc-linux-gnu/10.3.0/:/cvmfs/sft.cern.ch/lcg/releases/gcc/10.3.0-f5826/x86_64-centos7/bin/../libexec/gcc/:/cvmfs/sft.cern.ch/lcg/releases/gcc/10.3.0-f5826/x86_64-centos7/]
  ignore line: [LIBRARY_PATH=/cvmfs/sft.cern.ch/lcg/releases/gcc/10.3.0-f5826/x86_64-centos7/bin/../lib/gcc/x86_64-pc-linux-gnu/10.3.0/:/cvmfs/sft.cern.ch/lcg/releases/gcc/10.3.0-f5826/x86_64-centos7/bin/../lib/gcc/:/cvmfs/sft.cern.ch/lcg/releases/gcc/10.3.0-f5826/x86_64-centos7/bin/../lib/gcc/x86_64-pc-linux-gnu/10.3.0/../../../../lib64/:/lib/../lib64/:/usr/lib/../lib64/:/cvmfs/sft.cern.ch/lcg/releases/gcc/10.3.0-f5826/x86_64-centos7/bin/../lib/gcc/x86_64-pc-linux-gnu/10.3.0/../../../:/lib/:/usr/lib/]
  ignore line: [COLLECT_GCC_OPTIONS='-v' '-o' 'CMakeFiles/cmTC_1926e.dir/CMakeCXXCompilerABI.cpp.o' '-c' '-shared-libgcc' '-mtune=generic' '-march=x86-64']
  ignore line: [Linking CXX executable cmTC_1926e]
  ignore line: [/cvmfs/ilc.desy.de/sw/x86_64_gcc103_centos7/CMake/3.23.2/bin/cmake -E cmake_link_script CMakeFiles/cmTC_1926e.dir/link.txt --verbose=1]
  ignore line: [/cvmfs/sft.cern.ch/lcg/releases/gcc/10.3.0-f5826/x86_64-centos7/bin/g++  -v -rdynamic CMakeFiles/cmTC_1926e.dir/CMakeCXXCompilerABI.cpp.o -o cmTC_1926e ]
  ignore line: [Using built-in specs.]
  ignore line: [COLLECT_GCC=/cvmfs/sft.cern.ch/lcg/releases/gcc/10.3.0-f5826/x86_64-centos7/bin/g++]
  ignore line: [COLLECT_LTO_WRAPPER=/cvmfs/sft.cern.ch/lcg/releases/gcc/10.3.0-f5826/x86_64-centos7/bin/../libexec/gcc/x86_64-pc-linux-gnu/10.3.0/lto-wrapper]
  ignore line: [Target: x86_64-pc-linux-gnu]
  ignore line: [Configured with: /build/dkonst/gcc-clang/build/contrib/gcc-10.3.0/src/gcc/10.3.0/configure --prefix=/build/dkonst/gcc-clang/lcgcmake-install/gcc/10.3.0/x86_64-centos7 -with-system-zlib --disable-multilib --enable-languages=all --with-gnu-ld --with-gnu-as]
  ignore line: [Thread model: posix]
  ignore line: [Supported LTO compression algorithms: zlib]
  ignore line: [gcc version 10.3.0 (GCC) ]
  ignore line: [COMPILER_PATH=/cvmfs/sft.cern.ch/lcg/releases/gcc/10.3.0-f5826/x86_64-centos7/bin/../libexec/gcc/x86_64-pc-linux-gnu/10.3.0/:/cvmfs/sft.cern.ch/lcg/releases/gcc/10.3.0-f5826/x86_64-centos7/bin/../libexec/gcc/:/cvmfs/sft.cern.ch/lcg/releases/gcc/10.3.0-f5826/x86_64-centos7/]
  ignore line: [LIBRARY_PATH=/cvmfs/sft.cern.ch/lcg/releases/gcc/10.3.0-f5826/x86_64-centos7/bin/../lib/gcc/x86_64-pc-linux-gnu/10.3.0/:/cvmfs/sft.cern.ch/lcg/releases/gcc/10.3.0-f5826/x86_64-centos7/bin/../lib/gcc/:/cvmfs/sft.cern.ch/lcg/releases/gcc/10.3.0-f5826/x86_64-centos7/bin/../lib/gcc/x86_64-pc-linux-gnu/10.3.0/../../../../lib64/:/lib/../lib64/:/usr/lib/../lib64/:/cvmfs/sft.cern.ch/lcg/releases/gcc/10.3.0-f5826/x86_64-centos7/bin/../lib/gcc/x86_64-pc-linux-gnu/10.3.0/../../../:/lib/:/usr/lib/]
  ignore line: [COLLECT_GCC_OPTIONS='-v' '-rdynamic' '-o' 'cmTC_1926e' '-shared-libgcc' '-mtune=generic' '-march=x86-64']
  link line: [ /cvmfs/sft.cern.ch/lcg/releases/gcc/10.3.0-f5826/x86_64-centos7/bin/../libexec/gcc/x86_64-pc-linux-gnu/10.3.0/collect2 -plugin /cvmfs/sft.cern.ch/lcg/releases/gcc/10.3.0-f5826/x86_64-centos7/bin/../libexec/gcc/x86_64-pc-linux-gnu/10.3.0/liblto_plugin.so -plugin-opt=/cvmfs/sft.cern.ch/lcg/releases/gcc/10.3.0-f5826/x86_64-centos7/bin/../libexec/gcc/x86_64-pc-linux-gnu/10.3.0/lto-wrapper -plugin-opt=-fresolution=/tmp/ccLaBR9M.res -plugin-opt=-pass-through=-lgcc_s -plugin-opt=-pass-through=-lgcc -plugin-opt=-pass-through=-lc -plugin-opt=-pass-through=-lgcc_s -plugin-opt=-pass-through=-lgcc --eh-frame-hdr -m elf_x86_64 -export-dynamic -dynamic-linker /lib64/ld-linux-x86-64.so.2 -o cmTC_1926e /lib/../lib64/crt1.o /lib/../lib64/crti.o /cvmfs/sft.cern.ch/lcg/releases/gcc/10.3.0-f5826/x86_64-centos7/bin/../lib/gcc/x86_64-pc-linux-gnu/10.3.0/crtbegin.o -L/cvmfs/sft.cern.ch/lcg/releases/gcc/10.3.0-f5826/x86_64-centos7/bin/../lib/gcc/x86_64-pc-linux-gnu/10.3.0 -L/cvmfs/sft.cern.ch/lcg/releases/gcc/10.3.0-f5826/x86_64-centos7/bin/../lib/gcc -L/cvmfs/sft.cern.ch/lcg/releases/gcc/10.3.0-f5826/x86_64-centos7/bin/../lib/gcc/x86_64-pc-linux-gnu/10.3.0/../../../../lib64 -L/lib/../lib64 -L/usr/lib/../lib64 -L/cvmfs/sft.cern.ch/lcg/releases/gcc/10.3.0-f5826/x86_64-centos7/bin/../lib/gcc/x86_64-pc-linux-gnu/10.3.0/../../.. CMakeFiles/cmTC_1926e.dir/CMakeCXXCompilerABI.cpp.o -lstdc++ -lm -lgcc_s -lgcc -lc -lgcc_s -lgcc /cvmfs/sft.cern.ch/lcg/releases/gcc/10.3.0-f5826/x86_64-centos7/bin/../lib/gcc/x86_64-pc-linux-gnu/10.3.0/crtend.o /lib/../lib64/crtn.o]
    arg [/cvmfs/sft.cern.ch/lcg/releases/gcc/10.3.0-f5826/x86_64-centos7/bin/../libexec/gcc/x86_64-pc-linux-gnu/10.3.0/collect2] ==> ignore
    arg [-plugin] ==> ignore
    arg [/cvmfs/sft.cern.ch/lcg/releases/gcc/10.3.0-f5826/x86_64-centos7/bin/../libexec/gcc/x86_64-pc-linux-gnu/10.3.0/liblto_plugin.so] ==> ignore
    arg [-plugin-opt=/cvmfs/sft.cern.ch/lcg/releases/gcc/10.3.0-f5826/x86_64-centos7/bin/../libexec/gcc/x86_64-pc-linux-gnu/10.3.0/lto-wrapper] ==> ignore
    arg [-plugin-opt=-fresolution=/tmp/ccLaBR9M.res] ==> ignore
    arg [-plugin-opt=-pass-through=-lgcc_s] ==> ignore
    arg [-plugin-opt=-pass-through=-lgcc] ==> ignore
    arg [-plugin-opt=-pass-through=-lc] ==> ignore
    arg [-plugin-opt=-pass-through=-lgcc_s] ==> ignore
    arg [-plugin-opt=-pass-through=-lgcc] ==> ignore
    arg [--eh-frame-hdr] ==> ignore
    arg [-m] ==> ignore
    arg [elf_x86_64] ==> ignore
    arg [-export-dynamic] ==> ignore
    arg [-dynamic-linker] ==> ignore
    arg [/lib64/ld-linux-x86-64.so.2] ==> ignore
    arg [-o] ==> ignore
    arg [cmTC_1926e] ==> ignore
    arg [/lib/../lib64/crt1.o] ==> obj [/lib/../lib64/crt1.o]
    arg [/lib/../lib64/crti.o] ==> obj [/lib/../lib64/crti.o]
    arg [/cvmfs/sft.cern.ch/lcg/releases/gcc/10.3.0-f5826/x86_64-centos7/bin/../lib/gcc/x86_64-pc-linux-gnu/10.3.0/crtbegin.o] ==> obj [/cvmfs/sft.cern.ch/lcg/releases/gcc/10.3.0-f5826/x86_64-centos7/bin/../lib/gcc/x86_64-pc-linux-gnu/10.3.0/crtbegin.o]
    arg [-L/cvmfs/sft.cern.ch/lcg/releases/gcc/10.3.0-f5826/x86_64-centos7/bin/../lib/gcc/x86_64-pc-linux-gnu/10.3.0] ==> dir [/cvmfs/sft.cern.ch/lcg/releases/gcc/10.3.0-f5826/x86_64-centos7/bin/../lib/gcc/x86_64-pc-linux-gnu/10.3.0]
    arg [-L/cvmfs/sft.cern.ch/lcg/releases/gcc/10.3.0-f5826/x86_64-centos7/bin/../lib/gcc] ==> dir [/cvmfs/sft.cern.ch/lcg/releases/gcc/10.3.0-f5826/x86_64-centos7/bin/../lib/gcc]
    arg [-L/cvmfs/sft.cern.ch/lcg/releases/gcc/10.3.0-f5826/x86_64-centos7/bin/../lib/gcc/x86_64-pc-linux-gnu/10.3.0/../../../../lib64] ==> dir [/cvmfs/sft.cern.ch/lcg/releases/gcc/10.3.0-f5826/x86_64-centos7/bin/../lib/gcc/x86_64-pc-linux-gnu/10.3.0/../../../../lib64]
    arg [-L/lib/../lib64] ==> dir [/lib/../lib64]
    arg [-L/usr/lib/../lib64] ==> dir [/usr/lib/../lib64]
    arg [-L/cvmfs/sft.cern.ch/lcg/releases/gcc/10.3.0-f5826/x86_64-centos7/bin/../lib/gcc/x86_64-pc-linux-gnu/10.3.0/../../..] ==> dir [/cvmfs/sft.cern.ch/lcg/releases/gcc/10.3.0-f5826/x86_64-centos7/bin/../lib/gcc/x86_64-pc-linux-gnu/10.3.0/../../..]
    arg [CMakeFiles/cmTC_1926e.dir/CMakeCXXCompilerABI.cpp.o] ==> ignore
    arg [-lstdc++] ==> lib [stdc++]
    arg [-lm] ==> lib [m]
    arg [-lgcc_s] ==> lib [gcc_s]
    arg [-lgcc] ==> lib [gcc]
    arg [-lc] ==> lib [c]
    arg [-lgcc_s] ==> lib [gcc_s]
    arg [-lgcc] ==> lib [gcc]
    arg [/cvmfs/sft.cern.ch/lcg/releases/gcc/10.3.0-f5826/x86_64-centos7/bin/../lib/gcc/x86_64-pc-linux-gnu/10.3.0/crtend.o] ==> obj [/cvmfs/sft.cern.ch/lcg/releases/gcc/10.3.0-f5826/x86_64-centos7/bin/../lib/gcc/x86_64-pc-linux-gnu/10.3.0/crtend.o]
    arg [/lib/../lib64/crtn.o] ==> obj [/lib/../lib64/crtn.o]
  collapse obj [/lib/../lib64/crt1.o] ==> [/lib64/crt1.o]
  collapse obj [/lib/../lib64/crti.o] ==> [/lib64/crti.o]
  collapse obj [/cvmfs/sft.cern.ch/lcg/releases/gcc/10.3.0-f5826/x86_64-centos7/bin/../lib/gcc/x86_64-pc-linux-gnu/10.3.0/crtbegin.o] ==> [/cvmfs/sft.cern.ch/lcg/releases/gcc/10.3.0-f5826/x86_64-centos7/lib/gcc/x86_64-pc-linux-gnu/10.3.0/crtbegin.o]
  collapse obj [/cvmfs/sft.cern.ch/lcg/releases/gcc/10.3.0-f5826/x86_64-centos7/bin/../lib/gcc/x86_64-pc-linux-gnu/10.3.0/crtend.o] ==> [/cvmfs/sft.cern.ch/lcg/releases/gcc/10.3.0-f5826/x86_64-centos7/lib/gcc/x86_64-pc-linux-gnu/10.3.0/crtend.o]
  collapse obj [/lib/../lib64/crtn.o] ==> [/lib64/crtn.o]
  collapse library dir [/cvmfs/sft.cern.ch/lcg/releases/gcc/10.3.0-f5826/x86_64-centos7/bin/../lib/gcc/x86_64-pc-linux-gnu/10.3.0] ==> [/cvmfs/sft.cern.ch/lcg/releases/gcc/10.3.0-f5826/x86_64-centos7/lib/gcc/x86_64-pc-linux-gnu/10.3.0]
  collapse library dir [/cvmfs/sft.cern.ch/lcg/releases/gcc/10.3.0-f5826/x86_64-centos7/bin/../lib/gcc] ==> [/cvmfs/sft.cern.ch/lcg/releases/gcc/10.3.0-f5826/x86_64-centos7/lib/gcc]
  collapse library dir [/cvmfs/sft.cern.ch/lcg/releases/gcc/10.3.0-f5826/x86_64-centos7/bin/../lib/gcc/x86_64-pc-linux-gnu/10.3.0/../../../../lib64] ==> [/cvmfs/sft.cern.ch/lcg/releases/gcc/10.3.0-f5826/x86_64-centos7/lib64]
  collapse library dir [/lib/../lib64] ==> [/lib64]
  collapse library dir [/usr/lib/../lib64] ==> [/usr/lib64]
  collapse library dir [/cvmfs/sft.cern.ch/lcg/releases/gcc/10.3.0-f5826/x86_64-centos7/bin/../lib/gcc/x86_64-pc-linux-gnu/10.3.0/../../..] ==> [/cvmfs/sft.cern.ch/lcg/releases/gcc/10.3.0-f5826/x86_64-centos7/lib]
  implicit libs: [stdc++;m;gcc_s;gcc;c;gcc_s;gcc]
  implicit objs: [/lib64/crt1.o;/lib64/crti.o;/cvmfs/sft.cern.ch/lcg/releases/gcc/10.3.0-f5826/x86_64-centos7/lib/gcc/x86_64-pc-linux-gnu/10.3.0/crtbegin.o;/cvmfs/sft.cern.ch/lcg/releases/gcc/10.3.0-f5826/x86_64-centos7/lib/gcc/x86_64-pc-linux-gnu/10.3.0/crtend.o;/lib64/crtn.o]
  implicit dirs: [/cvmfs/sft.cern.ch/lcg/releases/gcc/10.3.0-f5826/x86_64-centos7/lib/gcc/x86_64-pc-linux-gnu/10.3.0;/cvmfs/sft.cern.ch/lcg/releases/gcc/10.3.0-f5826/x86_64-centos7/lib/gcc;/cvmfs/sft.cern.ch/lcg/releases/gcc/10.3.0-f5826/x86_64-centos7/lib64;/lib64;/usr/lib64;/cvmfs/sft.cern.ch/lcg/releases/gcc/10.3.0-f5826/x86_64-centos7/lib]
  implicit fwks: []


Performing C++ SOURCE FILE Test COMPILER_SUPPORTS_CXX11 succeeded with the following output:
Change Dir: /gridgroup/ilc/pasquier/SDHCALContent/build/CMakeFiles/CMakeTmp

Run Build Command(s):/usr/bin/gmake -f Makefile cmTC_d8a9b/fast && /usr/bin/gmake  -f CMakeFiles/cmTC_d8a9b.dir/build.make CMakeFiles/cmTC_d8a9b.dir/build
gmake[1]: Entering directory `/gridgroup/ilc/pasquier/SDHCALContent/build/CMakeFiles/CMakeTmp'
Building CXX object CMakeFiles/cmTC_d8a9b.dir/src.cxx.o
/cvmfs/sft.cern.ch/lcg/releases/gcc/10.3.0-f5826/x86_64-centos7/bin/g++ -DCOMPILER_SUPPORTS_CXX11  -std=c++11 -o CMakeFiles/cmTC_d8a9b.dir/src.cxx.o -c /gridgroup/ilc/pasquier/SDHCALContent/build/CMakeFiles/CMakeTmp/src.cxx
Linking CXX executable cmTC_d8a9b
/cvmfs/ilc.desy.de/sw/x86_64_gcc103_centos7/CMake/3.23.2/bin/cmake -E cmake_link_script CMakeFiles/cmTC_d8a9b.dir/link.txt --verbose=1
/cvmfs/sft.cern.ch/lcg/releases/gcc/10.3.0-f5826/x86_64-centos7/bin/g++ -rdynamic CMakeFiles/cmTC_d8a9b.dir/src.cxx.o -o cmTC_d8a9b 
gmake[1]: Leaving directory `/gridgroup/ilc/pasquier/SDHCALContent/build/CMakeFiles/CMakeTmp'


Source file was:
int main() { return 0; }
Performing C++ SOURCE FILE Test COMPILER_SUPPORTS_CXX_FLAGS succeeded with the following output:
Change Dir: /gridgroup/ilc/pasquier/SDHCALContent/build/CMakeFiles/CMakeTmp

Run Build Command(s):/usr/bin/gmake -f Makefile cmTC_4ad3a/fast && /usr/bin/gmake  -f CMakeFiles/cmTC_4ad3a.dir/build.make CMakeFiles/cmTC_4ad3a.dir/build
gmake[1]: Entering directory `/gridgroup/ilc/pasquier/SDHCALContent/build/CMakeFiles/CMakeTmp'
Building CXX object CMakeFiles/cmTC_4ad3a.dir/src.cxx.o
/cvmfs/sft.cern.ch/lcg/releases/gcc/10.3.0-f5826/x86_64-centos7/bin/g++ -DCOMPILER_SUPPORTS_CXX_FLAGS  -std=c++11    -std=c++11 -o CMakeFiles/cmTC_4ad3a.dir/src.cxx.o -c /gridgroup/ilc/pasquier/SDHCALContent/build/CMakeFiles/CMakeTmp/src.cxx
Linking CXX executable cmTC_4ad3a
/cvmfs/ilc.desy.de/sw/x86_64_gcc103_centos7/CMake/3.23.2/bin/cmake -E cmake_link_script CMakeFiles/cmTC_4ad3a.dir/link.txt --verbose=1
/cvmfs/sft.cern.ch/lcg/releases/gcc/10.3.0-f5826/x86_64-centos7/bin/g++ -std=c++11  -rdynamic CMakeFiles/cmTC_4ad3a.dir/src.cxx.o -o cmTC_4ad3a 
gmake[1]: Leaving directory `/gridgroup/ilc/pasquier/SDHCALContent/build/CMakeFiles/CMakeTmp'


Source file was:
int main() { return 0; }
Determining if the include file pthread.h exists passed with the following output:
Change Dir: /gridgroup/ilc/pasquier/SDHCALContent/build/CMakeFiles/CMakeTmp

Run Build Command(s):/usr/bin/gmake -f Makefile cmTC_5375e/fast && /usr/bin/gmake  -f CMakeFiles/cmTC_5375e.dir/build.make CMakeFiles/cmTC_5375e.dir/build
gmake[1]: Entering directory `/gridgroup/ilc/pasquier/SDHCALContent/build/CMakeFiles/CMakeTmp'
Building C object CMakeFiles/cmTC_5375e.dir/CheckIncludeFile.c.o
/cvmfs/sft.cern.ch/lcg/releases/gcc/10.3.0-f5826/x86_64-centos7/bin/gcc    -o CMakeFiles/cmTC_5375e.dir/CheckIncludeFile.c.o -c /gridgroup/ilc/pasquier/SDHCALContent/build/CMakeFiles/CMakeTmp/CheckIncludeFile.c
Linking C executable cmTC_5375e
/cvmfs/ilc.desy.de/sw/x86_64_gcc103_centos7/CMake/3.23.2/bin/cmake -E cmake_link_script CMakeFiles/cmTC_5375e.dir/link.txt --verbose=1
/cvmfs/sft.cern.ch/lcg/releases/gcc/10.3.0-f5826/x86_64-centos7/bin/gcc -rdynamic CMakeFiles/cmTC_5375e.dir/CheckIncludeFile.c.o -o cmTC_5375e 
gmake[1]: Leaving directory `/gridgroup/ilc/pasquier/SDHCALContent/build/CMakeFiles/CMakeTmp'



Determining if the function pthread_create exists in the pthread passed with the following output:
Change Dir: /gridgroup/ilc/pasquier/SDHCALContent/build/CMakeFiles/CMakeTmp

Run Build Command(s):/usr/bin/gmake -f Makefile cmTC_959ec/fast && /usr/bin/gmake  -f CMakeFiles/cmTC_959ec.dir/build.make CMakeFiles/cmTC_959ec.dir/build
gmake[1]: Entering directory `/gridgroup/ilc/pasquier/SDHCALContent/build/CMakeFiles/CMakeTmp'
Building C object CMakeFiles/cmTC_959ec.dir/CheckFunctionExists.c.o
/cvmfs/sft.cern.ch/lcg/releases/gcc/10.3.0-f5826/x86_64-centos7/bin/gcc   -DCHECK_FUNCTION_EXISTS=pthread_create -o CMakeFiles/cmTC_959ec.dir/CheckFunctionExists.c.o -c /cvmfs/ilc.desy.de/sw/x86_64_gcc103_centos7/CMake/3.23.2/share/cmake-3.23/Modules/CheckFunctionExists.c
Linking C executable cmTC_959ec
/cvmfs/ilc.desy.de/sw/x86_64_gcc103_centos7/CMake/3.23.2/bin/cmake -E cmake_link_script CMakeFiles/cmTC_959ec.dir/link.txt --verbose=1
/cvmfs/sft.cern.ch/lcg/releases/gcc/10.3.0-f5826/x86_64-centos7/bin/gcc  -DCHECK_FUNCTION_EXISTS=pthread_create -rdynamic CMakeFiles/cmTC_959ec.dir/CheckFunctionExists.c.o -o cmTC_959ec  -lpthread 
gmake[1]: Leaving directory `/gridgroup/ilc/pasquier/SDHCALContent/build/CMakeFiles/CMakeTmp'



Determining if the function sgemm_ exists passed with the following output:
Change Dir: /gridgroup/ilc/pasquier/SDHCALContent/build/CMakeFiles/CMakeTmp

Run Build Command(s):/usr/bin/gmake -f Makefile cmTC_f1b29/fast && /usr/bin/gmake  -f CMakeFiles/cmTC_f1b29.dir/build.make CMakeFiles/cmTC_f1b29.dir/build
gmake[1]: Entering directory `/gridgroup/ilc/pasquier/SDHCALContent/build/CMakeFiles/CMakeTmp'
Building C object CMakeFiles/cmTC_f1b29.dir/CheckFunctionExists.c.o
/cvmfs/sft.cern.ch/lcg/releases/gcc/10.3.0-f5826/x86_64-centos7/bin/gcc   -DCHECK_FUNCTION_EXISTS=sgemm_ -o CMakeFiles/cmTC_f1b29.dir/CheckFunctionExists.c.o -c /cvmfs/ilc.desy.de/sw/x86_64_gcc103_centos7/CMake/3.23.2/share/cmake-3.23/Modules/CheckFunctionExists.c
Linking C executable cmTC_f1b29
/cvmfs/ilc.desy.de/sw/x86_64_gcc103_centos7/CMake/3.23.2/bin/cmake -E cmake_link_script CMakeFiles/cmTC_f1b29.dir/link.txt --verbose=1
/cvmfs/sft.cern.ch/lcg/releases/gcc/10.3.0-f5826/x86_64-centos7/bin/gcc  -DCHECK_FUNCTION_EXISTS=sgemm_ -rdynamic CMakeFiles/cmTC_f1b29.dir/CheckFunctionExists.c.o -o cmTC_f1b29  /usr/lib64/libopenblas.so 
gmake[1]: Leaving directory `/gridgroup/ilc/pasquier/SDHCALContent/build/CMakeFiles/CMakeTmp'



Determining if the function cheev_ exists passed with the following output:
Change Dir: /gridgroup/ilc/pasquier/SDHCALContent/build/CMakeFiles/CMakeTmp

Run Build Command(s):/usr/bin/gmake -f Makefile cmTC_f6b64/fast && /usr/bin/gmake  -f CMakeFiles/cmTC_f6b64.dir/build.make CMakeFiles/cmTC_f6b64.dir/build
gmake[1]: Entering directory `/gridgroup/ilc/pasquier/SDHCALContent/build/CMakeFiles/CMakeTmp'
Building C object CMakeFiles/cmTC_f6b64.dir/CheckFunctionExists.c.o
/cvmfs/sft.cern.ch/lcg/releases/gcc/10.3.0-f5826/x86_64-centos7/bin/gcc   -DCHECK_FUNCTION_EXISTS=cheev_ -o CMakeFiles/cmTC_f6b64.dir/CheckFunctionExists.c.o -c /cvmfs/ilc.desy.de/sw/x86_64_gcc103_centos7/CMake/3.23.2/share/cmake-3.23/Modules/CheckFunctionExists.c
Linking C executable cmTC_f6b64
/cvmfs/ilc.desy.de/sw/x86_64_gcc103_centos7/CMake/3.23.2/bin/cmake -E cmake_link_script CMakeFiles/cmTC_f6b64.dir/link.txt --verbose=1
/cvmfs/sft.cern.ch/lcg/releases/gcc/10.3.0-f5826/x86_64-centos7/bin/gcc  -DCHECK_FUNCTION_EXISTS=cheev_ -rdynamic CMakeFiles/cmTC_f6b64.dir/CheckFunctionExists.c.o -o cmTC_f6b64  /usr/lib64/libopenblas.so -lpthread -lm -ldl 
gmake[1]: Leaving directory `/gridgroup/ilc/pasquier/SDHCALContent/build/CMakeFiles/CMakeTmp'



